---------- Date: 2016-11-03 12:43:19 ~ IP : 151.237.238.126 ----------
REQUEST URI : /admin/index.php?route=extension/modification&token=e042ad6c55d940696d2a8e7514cf1651
MOD DETAILS:
   modFile   : /home/glamorous/public_html/vqmod/xml/_seo_mega_pack_titles_generator.xml
   id        : SEO Mega KIT - Products - Titles Generator
   version   : 1.5.x
   vqmver    : 2.X
   author    : marsilea15@gmail.com

File Name    : admin/model/catalog/product.php(0)
VQModObject::applyMod - SEARCH NOT FOUND (ABORTING MOD): 'meta_keyword'     => $result['meta_keyword'],
----------------------------------------------------------------------


---------- Date: 2016-11-03 13:13:19 ~ IP : 151.237.238.126 ----------
REQUEST URI : /admin/index.php?route=catalog/product/edit&token=e042ad6c55d940696d2a8e7514cf1651&product_id=513
MOD DETAILS:
   modFile   : /home/glamorous/public_html/vqmod/xml/pim.xml
   id        : 
   version   : 3.1.5
   vqmver    : 
   author    : Sharley's Web Development

File Name    : admin/controller/catalog/product.php(1)
VQModObject::applyMod - SEARCH NOT FOUND (ABORTING MOD): function getForm() {
MOD DETAILS:
   modFile   : /home/glamorous/public_html/vqmod/xml/_seo_mega_pack_titles_generator.xml
   id        : SEO Mega KIT - Products - Titles Generator
   version   : 1.5.x
   vqmver    : 2.X
   author    : marsilea15@gmail.com

File Name    : admin/model/catalog/product.php(0)
VQModObject::applyMod - SEARCH NOT FOUND (ABORTING MOD): 'meta_keyword'     => $result['meta_keyword'],
----------------------------------------------------------------------


---------- Date: 2016-11-03 13:13:36 ~ IP : 151.237.238.126 ----------
REQUEST URI : /image/catalog/yeni%20logo%20%205.png
MOD DETAILS:
   modFile   : /home/glamorous/public_html/vqmod/xml/all.install.ocmod.xml
   id        : 
   version   : OC 1.5 and OC 2
   vqmver    : 2.0.0
   author    : Equotix

File Name    : catalog/view/theme/*/template/common/header.tpl(0)
VQModObject::applyMod - SEARCH NOT FOUND (ABORTING MOD): <ul class="nav navbar-nav">
----------------------------------------------------------------------


---------- Date: 2016-11-03 13:13:46 ~ IP : 151.237.238.126 ----------
REQUEST URI : /admin/index.php?route=common/filemanager&token=e042ad6c55d940696d2a8e7514cf1651&target=input-image0&thumb=thumb-image0&directory=undefined
MOD DETAILS:
   modFile   : /home/glamorous/public_html/vqmod/xml/pim.xml
   id        : 
   version   : 3.1.5
   vqmver    : 
   author    : Sharley's Web Development

File Name    : admin/controller/common/filemanager.php(1)
VQModObject::applyMod - SEARCH NOT FOUND (ABORTING MOD): public function index() {
----------------------------------------------------------------------


---------- Date: 2016-11-03 13:14:51 ~ IP : 151.237.238.126 ----------
REQUEST URI : /party
MOD DETAILS:
   modFile   : /home/glamorous/public_html/vqmod/xml/_seo_mega_pack_titles_generator.xml
   id        : SEO Mega KIT - Products - Titles Generator
   version   : 1.5.x
   vqmver    : 2.X
   author    : marsilea15@gmail.com

File Name    : catalog/controller/product/category.php(0)
VQModObject::applyMod - SEARCH NOT FOUND (ABORTING MOD): 'product_id'  => $result['product_id'],
----------------------------------------------------------------------


---------- Date: 2016-11-03 13:41:47 ~ IP : 151.237.238.126 ----------
REQUEST URI : /admin/index.php?route=common/dashboard&token=e042ad6c55d940696d2a8e7514cf1651
MOD DETAILS:
   modFile   : /home/glamorous/public_html/vqmod/xml/_seo_mega_pack_titles_generator.xml
   id        : SEO Mega KIT - Products - Titles Generator
   version   : 1.5.x
   vqmver    : 2.X
   author    : marsilea15@gmail.com

File Name    : admin/model/catalog/product.php(0)
VQModObject::applyMod - SEARCH NOT FOUND (ABORTING MOD): 'meta_keyword'     => $result['meta_keyword'],
----------------------------------------------------------------------


---------- Date: 2016-11-03 13:41:48 ~ IP : 151.237.238.126 ----------
REQUEST URI : /image/catalog/yeni%20logo%20%205.png
MOD DETAILS:
   modFile   : /home/glamorous/public_html/vqmod/xml/all.install.ocmod.xml
   id        : 
   version   : OC 1.5 and OC 2
   vqmver    : 2.0.0
   author    : Equotix

File Name    : catalog/view/theme/*/template/common/header.tpl(0)
VQModObject::applyMod - SEARCH NOT FOUND (ABORTING MOD): <ul class="nav navbar-nav">
----------------------------------------------------------------------


---------- Date: 2016-11-03 13:50:30 ~ IP : 66.249.79.142 ----------
REQUEST URI : /product/search?tag=Body
MOD DETAILS:
   modFile   : /home/glamorous/public_html/vqmod/xml/_seo_mega_pack.xml
   id        : SEO Mega KIT
   version   : 2.0.0.0
   vqmver    : 2.X
   author    : marsilea15@gmail.com

File Name    : catalog/controller/product/search.php(2)
VQModObject::applyMod - SEARCH NOT FOUND (ABORTING MOD): $this->document->setTitle($this->language->get('heading_title') .  ' - ' . $this->request->get['search']);

MOD DETAILS:
   modFile   : /home/glamorous/public_html/vqmod/xml/_seo_mega_pack_titles_generator.xml
   id        : SEO Mega KIT - Products - Titles Generator
   version   : 1.5.x
   vqmver    : 2.X
   author    : marsilea15@gmail.com

File Name    : catalog/controller/product/search.php(0)
VQModObject::applyMod - SEARCH NOT FOUND (ABORTING MOD): 'product_id'  => $result['product_id'],
----------------------------------------------------------------------


---------- Date: 2016-11-03 13:58:09 ~ IP : 66.249.79.142 ----------
REQUEST URI : /choker-neck-bodysuit.html?tag=Body
MOD DETAILS:
   modFile   : /home/glamorous/public_html/vqmod/xml/_seo_mega_pack_titles_generator.xml
   id        : SEO Mega KIT - Products - Titles Generator
   version   : 1.5.x
   vqmver    : 2.X
   author    : marsilea15@gmail.com

File Name    : catalog/controller/module/latest.php(0)
VQModObject::applyMod - SEARCH NOT FOUND (ABORTING MOD): 'product_id'  => $result['product_id'],
MOD DETAILS:
   modFile   : /home/glamorous/public_html/vqmod/xml/0_out_of_stock_for_options_v2000_to_v2011.xml
   id        : Out of Stock for Options v2.0.0.0 to v2.0.1.1
   version   : 
   vqmver    : 
   author    : GoGo OpenCart

File Name    : catalog/view/theme/*/template/product/product.tpl(0)
VQModObject::applyMod - SEARCH NOT FOUND (ABORTING MOD): <option value="<?php echo $option_value['product_option_value_id']; ?>"><?php echo $option_value['name']; ?>
----------------------------------------------------------------------


---------- Date: 2016-11-03 14:10:34 ~ IP : 151.237.238.126 ----------
REQUEST URI : /party
MOD DETAILS:
   modFile   : /home/glamorous/public_html/vqmod/xml/_seo_mega_pack_titles_generator.xml
   id        : SEO Mega KIT - Products - Titles Generator
   version   : 1.5.x
   vqmver    : 2.X
   author    : marsilea15@gmail.com

File Name    : catalog/controller/product/category.php(0)
VQModObject::applyMod - SEARCH NOT FOUND (ABORTING MOD): 'product_id'  => $result['product_id'],
----------------------------------------------------------------------


