---------- Date: 2016-08-05 14:40:48 ~ IP : 80.44.163.199 ----------
REQUEST URI : /admin/index.php?route=module/ebay_channel/jobs_service&token=820f4465e2078248707170c08b57da47&type=GET_ALL
VQMod::_parseMods - INVALID XML FILE: : AttValue: ' expected in /home/glam/public_html/vqmod/xml/install.xml, line: 637
----------------------------------------------------------------------


---------- Date: 2016-08-05 14:40:56 ~ IP : 80.44.163.199 ----------
REQUEST URI : /image/catalog/yeni%20logo%20%205.png
MOD DETAILS:
   modFile   : /home/glam/public_html/vqmod/xml/all.install.ocmod.xml
   id        : 
   version   : OC 1.5 and OC 2
   vqmver    : 2.0.0
   author    : Equotix

File Name    : catalog/view/theme/*/template/common/header.tpl(0)
VQModObject::applyMod - SEARCH NOT FOUND (ABORTING MOD): <ul class="nav navbar-nav">
----------------------------------------------------------------------


---------- Date: 2016-08-05 14:52:12 ~ IP : 80.44.163.199 ----------
REQUEST URI : /3-4-sleeve-frill-bardot-khaki-bodysuit-s1166.html
MOD DETAILS:
   modFile   : /home/glam/public_html/vqmod/xml/0_out_of_stock_for_options_v2000_to_v2011.xml
   id        : Out of Stock for Options v2.0.0.0 to v2.0.1.1
   version   : 
   vqmver    : 
   author    : GoGo OpenCart

File Name    : catalog/view/theme/*/template/product/product.tpl(1)
VQModObject::applyMod - SEARCH NOT FOUND (ABORTING MOD): <input type="_radio" name="option[<?php echo $option['product_option_id']; ?>]" value="<?php echo $option_value['product_option_value_id']; ?>" />
----------------------------------------------------------------------


---------- Date: 2016-08-05 14:59:10 ~ IP : 80.44.163.199 ----------
REQUEST URI : /image/catalog/yeni%20logo%20%205.png
MOD DETAILS:
   modFile   : /home/glam/public_html/vqmod/xml/all.install.ocmod.xml
   id        : 
   version   : OC 1.5 and OC 2
   vqmver    : 2.0.0
   author    : Equotix

File Name    : catalog/view/theme/*/template/common/header.tpl(0)
VQModObject::applyMod - SEARCH NOT FOUND (ABORTING MOD): <ul class="nav navbar-nav">
----------------------------------------------------------------------


---------- Date: 2016-08-05 15:01:53 ~ IP : 80.44.163.199 ----------
REQUEST URI : /admin/index.php?route=common/dashboard&token=820f4465e2078248707170c08b57da47
MOD DETAILS:
   modFile   : /home/glam/public_html/vqmod/xml/quick_edit.xml
   id        : 
   version   : 2.0.3
   vqmver    : 
   author    : The Wizard of Osch, for www.CrystalCopy.nl

File Name    : admin/model/catalog/product.php(1)
VQModObject::applyMod - SEARCH NOT FOUND (ABORTING MOD): if (!empty($data['filter_category_id'])) {
----------------------------------------------------------------------


---------- Date: 2016-08-05 15:01:54 ~ IP : 80.44.163.199 ----------
REQUEST URI : /image/catalog/yeni%20logo%20%205.png
MOD DETAILS:
   modFile   : /home/glam/public_html/vqmod/xml/all.install.ocmod.xml
   id        : 
   version   : OC 1.5 and OC 2
   vqmver    : 2.0.0
   author    : Equotix

File Name    : catalog/view/theme/*/template/common/header.tpl(0)
VQModObject::applyMod - SEARCH NOT FOUND (ABORTING MOD): <ul class="nav navbar-nav">
----------------------------------------------------------------------


---------- Date: 2016-08-05 15:03:47 ~ IP : 80.44.163.199 ----------
REQUEST URI : /image/catalog/yeni%20logo%20%205.png
MOD DETAILS:
   modFile   : /home/glam/public_html/vqmod/xml/all.install.ocmod.xml
   id        : 
   version   : OC 1.5 and OC 2
   vqmver    : 2.0.0
   author    : Equotix

File Name    : catalog/view/theme/*/template/common/header.tpl(0)
VQModObject::applyMod - SEARCH NOT FOUND (ABORTING MOD): <ul class="nav navbar-nav">
----------------------------------------------------------------------


---------- Date: 2016-08-05 15:03:57 ~ IP : 80.44.163.199 ----------
REQUEST URI : /frill-bardot-off-shoulder-body-suit-black.html
MOD DETAILS:
   modFile   : /home/glam/public_html/vqmod/xml/0_out_of_stock_for_options_v2000_to_v2011.xml
   id        : Out of Stock for Options v2.0.0.0 to v2.0.1.1
   version   : 
   vqmver    : 
   author    : GoGo OpenCart

File Name    : catalog/view/theme/*/template/product/product.tpl(1)
VQModObject::applyMod - SEARCH NOT FOUND (ABORTING MOD): <input type="_radio" name="option[<?php echo $option['product_option_id']; ?>]" value="<?php echo $option_value['product_option_value_id']; ?>" />
----------------------------------------------------------------------


---------- Date: 2016-08-05 17:50:57 ~ IP : 66.249.79.146 ----------
REQUEST URI : /product/search?tag=Frill+Bardot+Off+Shoulder+Body+Suit+Mustard
MOD DETAILS:
   modFile   : /home/glam/public_html/vqmod/xml/_seo_mega_pack.xml
   id        : SEO Mega KIT
   version   : 2.0.0.0
   vqmver    : 2.X
   author    : marsilea15@gmail.com

File Name    : catalog/controller/product/search.php(2)
VQModObject::applyMod - SEARCH NOT FOUND (ABORTING MOD): $this->document->setTitle($this->language->get('heading_title') .  ' - ' . $this->request->get['search']);

MOD DETAILS:
   modFile   : /home/glam/public_html/vqmod/xml/_seo_mega_pack_titles_generator.xml
   id        : SEO Mega KIT - Products - Titles Generator
   version   : 1.5.x
   vqmver    : 2.X
   author    : marsilea15@gmail.com

File Name    : catalog/controller/product/search.php(0)
VQModObject::applyMod - SEARCH NOT FOUND (ABORTING MOD): 'product_id'  => $result['product_id'],
----------------------------------------------------------------------


