2015-11-17 22:04:00 - MOD: Modification Default
FILE: system/engine/action.php
REGEX: ~(require|include)(_once)?\(([^)]+)~
LINE: 58
FILE: system/engine/loader.php
REGEX: ~(require|include)(_once)?\(([^)]+)~
LINE: 20
LINE: 37
LINE: 54
LINE: 65
FILE: system/library/config.php
REGEX: ~(require|include)(_once)?\(([^)]+)~
LINE: 23
FILE: system/library/language.php
REGEX: ~(require|include)(_once)?\(([^)]+)~
LINE: 21
LINE: 27
----------------------------------------------------------------
MOD: KulerThemes CP
FILE: system/library/response.php
CODE: if ($this->output) {
LINE: 58
FILE: system/engine/front.php
CODE: $this->registry = $registry;
LINE: 7
FILE: catalog/controller/module/kuler_cp.php
CODE: $this->overrideResponse();
LINE: 1975
FILE: catalog/model/design/layout.php
CODE: return $query->rows;
LINE: 23
FILE: admin/controller/design/layout.php
CODE: $this->response->setOutput($this->load->view('design/layout_form.tpl', $data));
LINE: 402
FILE: admin/view/template/design/layout_form.tpl
CODE: html += '    <option value="column_right"><?php echo $text_column_right; ?></option>';
LINE: 192
CODE: <option value="column_right"><?php echo $text_column_right; ?></option>
LINE: 130
----------------------------------------------------------------
MOD: Zorka
FILE: catalog/controller/module/carousel.php
CODE: $this->document->addStyle('catalog/view/javascript/jquery/owl-carousel/owl.carousel.css');
LINE: 8
----------------------------------------------------------------
MOD: Admin Advanced Products Filter
FILE: admin/controller/common/menu.php
CODE: $this->load->language('common/menu');
LINE: 3
FILE: admin/view/template/common/menu.tpl
CODE: <li><a href="<?php echo $product; ?>"><?php echo $text_product; ?></a></li>
LINE: 5
FILE: admin/controller/catalog/product.php
CODE: protected function getList() {
LINE: 250
CODE: $data['breadcrumbs'] = array();
LINE: 336
LINE: 732
CODE: $url = '';
LINE: 26
LINE: 78
LINE: 132
LINE: 210
LINE: 302
LINE: 461
LINE: 500
LINE: 705
----------------------------------------------------------------
MOD: Power Image Manager 2.0
FILE: admin/controller/common/header.php
CODE: return $this->load->view('common/header.tpl'
LINE: 141
FILE: admin/view/template/common/header.tpl
CODE: <script type="text/javascript" src="view/javascript/bootstrap/js/bootstrap.min.js"></script>
LINE: 28
FILE: admin/controller/common/filemanager.php
CODE: public function index() {
LINE: 29
CODE: public function index() {
LINE: 29
CODE: public function delete() {
LINE: 518
CODE: private $error = array();
LINE: 2
CODE: function getForm() {
LINE: 627
FILE: admin/view/template/catalog/product_form.tpl
CODE: <td class="text-right"><?php echo $entry_sort_order; ?></td>
LINE: 825
CODE: <td class="text-right"><input type="text" name="product_image[<?php echo $image_row; ?>][sort_order]"
LINE: 839
CODE: html += '  <td class="text-right"><input type="text" name="product_image[' + image_row + '][sort_order]"
LINE: 1362
CODE: <?php echo $footer; ?>
LINE: 1459
CODE: <button type="button" onclick="addImage();"
LINE: 848
FILE: admin/controller/common/footer.php
CODE: return $this->load->view('common/footer.tpl'
LINE: 28
FILE: admin/view/template/common/footer.tpl
CODE: <footer id="footer">
LINE: 126
FILE: admin/model/catalog/product.php
CODE: foreach ($data['product_description'] as $language_id => $value) {
LINE: 19
LINE: 150
CODE: foreach ($data['product_description'] as $language_id => $value) {
LINE: 25
LINE: 162
CODE: foreach ($data['product_image'] as $product_image) {
LINE: 78
LINE: 231
CODE: $this->db->query("DELETE FROM " . DB_PREFIX . "product_to_download WHERE product_id = '" . (int)$product_id . "'");
LINE: 244
LINE: 369
CODE: return $this->load->view('common/menu.tpl', $data);
LINE: 215
CODE: <li><a href="<?php echo $information; ?>"><?php echo $text_information; ?></a></li>
LINE: 21
FILE: admin/language/english/common/menu.php
CODE: <?php
LINE: 0
----------------------------------------------------------------
2016-07-29 13:44:11 - MOD: Modification Default
FILE: system/engine/action.php
REGEX: ~(require|include)(_once)?\(([^)]+)~
LINE: 58
FILE: system/engine/loader.php
REGEX: ~(require|include)(_once)?\(([^)]+)~
LINE: 20
LINE: 37
LINE: 54
LINE: 65
FILE: system/library/config.php
REGEX: ~(require|include)(_once)?\(([^)]+)~
LINE: 23
FILE: system/library/language.php
REGEX: ~(require|include)(_once)?\(([^)]+)~
LINE: 21
LINE: 27
----------------------------------------------------------------
MOD: KulerThemes CP
FILE: system/library/response.php
CODE: if ($this->output) {
LINE: 58
FILE: system/engine/front.php
CODE: $this->registry = $registry;
LINE: 7
FILE: catalog/controller/module/kuler_cp.php
CODE: $this->overrideResponse();
LINE: 1975
FILE: catalog/model/design/layout.php
CODE: return $query->rows;
LINE: 23
FILE: admin/controller/design/layout.php
CODE: $this->response->setOutput($this->load->view('design/layout_form.tpl', $data));
LINE: 402
FILE: admin/view/template/design/layout_form.tpl
CODE: html += '    <option value="column_right"><?php echo $text_column_right; ?></option>';
LINE: 192
CODE: <option value="column_right"><?php echo $text_column_right; ?></option>
LINE: 130
----------------------------------------------------------------
MOD: Zorka
FILE: catalog/controller/module/carousel.php
CODE: $this->document->addStyle('catalog/view/javascript/jquery/owl-carousel/owl.carousel.css');
LINE: 8
----------------------------------------------------------------
MOD: Admin Advanced Products Filter
FILE: admin/controller/common/menu.php
CODE: $this->load->language('common/menu');
LINE: 3
FILE: admin/view/template/common/menu.tpl
CODE: <li><a href="<?php echo $product; ?>"><?php echo $text_product; ?></a></li>
LINE: 5
FILE: admin/controller/catalog/product.php
CODE: protected function getList() {
LINE: 250
CODE: $data['breadcrumbs'] = array();
LINE: 336
LINE: 732
CODE: $url = '';
LINE: 26
LINE: 78
LINE: 132
LINE: 210
LINE: 302
LINE: 461
LINE: 500
LINE: 705
----------------------------------------------------------------
MOD: Ebay Channel
FILE: admin/model/sale/order.php
CODE: $order_query->row['user_agent']
LINE: 148
CODE: CONCAT(o.firstname, ' ', o.lastname) AS customer
LINE: 174
CODE: if (!empty($data['filter_order_id'])) {
LINE: 203
LINE: 325
FILE: admin/controller/sale/order.php
CODE: $this->model_setting_store->getStores()
LINE: 1720
CODE: $data['ip'] = $order_info['ip'];
LINE: 2600
CODE: $this->load->controller('payment/' . $order_info['payment_code'] . '/order');
NOT FOUND!
CODE: if (($this->request->server['REQUEST_METHOD'] == 'POST') && $this->validateForm()) {
NOT FOUND!
CODE: 'order_product_id' => $product['order_product_id'],
LINE: 2924
CODE: $data['order_products'][]
LINE: 1508
CODE: 'order_id'      => $result['order_id'],
LINE: 770
CODE: $data['sort_order'] = $this->url->link('sale/order', 'token=' . $this->session->data['token'] . '&sort=o.order_id' . $url, 'SSL');
LINE: 984
CODE: $pagination->url = $this->url->link('sale/order', 'token=' . $this->session->data['token'] . $url . '&page={page}', 'SSL');
LINE: 1079
CODE: $order_total = $this->model_sale_order->getTotalOrders($data);
NOT FOUND!
FILE: admin/view/template/sale/order_info.tpl
CODE: <div class="row">
NOT FOUND!
CODE: <td class="left"><?php echo $column_model; ?></td>
NOT FOUND!
CODE: <td class="left"><?php echo $product['model']; ?></td>
NOT FOUND!
CODE: <td colspan="4" class="right"><?php echo $totals['title']; ?>:</td>
NOT FOUND!
CODE: <li id="sale">
LINE: 88
FILE: admin/view/template/common/stats.tpl
CODE: <div id="stats">
LINE: 56
FILE: admin/controller/common/stats.php
CODE: $this->load->model('sale/order')
LINE: 12
CODE: $data['home']
LINE: 113
FILE: admin/model/catalog/product.php
CODE: pre.admin.product.edit
LINE: 128
----------------------------------------------------------------
MOD: Power Image Manager 2.0
FILE: admin/controller/common/header.php
CODE: return $this->load->view('common/header.tpl'
LINE: 141
FILE: admin/view/template/common/header.tpl
CODE: <script type="text/javascript" src="view/javascript/bootstrap/js/bootstrap.min.js"></script>
LINE: 28
FILE: admin/controller/common/filemanager.php
CODE: public function index() {
LINE: 29
CODE: public function index() {
LINE: 29
CODE: public function delete() {
LINE: 518
CODE: private $error = array();
LINE: 2
CODE: function getForm() {
LINE: 627
FILE: admin/view/template/catalog/product_form.tpl
CODE: <td class="text-right"><?php echo $entry_sort_order; ?></td>
LINE: 825
CODE: <td class="text-right"><input type="text" name="product_image[<?php echo $image_row; ?>][sort_order]"
LINE: 839
CODE: html += '  <td class="text-right"><input type="text" name="product_image[' + image_row + '][sort_order]"
LINE: 1362
CODE: <?php echo $footer; ?>
LINE: 1459
CODE: <button type="button" onclick="addImage();"
LINE: 848
FILE: admin/controller/common/footer.php
CODE: return $this->load->view('common/footer.tpl'
LINE: 28
FILE: admin/view/template/common/footer.tpl
CODE: <footer id="footer">
LINE: 126
CODE: foreach ($data['product_description'] as $language_id => $value) {
LINE: 19
LINE: 154
CODE: foreach ($data['product_description'] as $language_id => $value) {
LINE: 25
LINE: 166
CODE: foreach ($data['product_image'] as $product_image) {
LINE: 78
LINE: 235
CODE: $this->db->query("DELETE FROM " . DB_PREFIX . "product_to_download WHERE product_id = '" . (int)$product_id . "'");
LINE: 248
LINE: 373
CODE: return $this->load->view('common/menu.tpl', $data);
LINE: 216
CODE: <li><a href="<?php echo $information; ?>"><?php echo $text_information; ?></a></li>
LINE: 21
FILE: admin/language/english/common/menu.php
CODE: <?php
LINE: 0
----------------------------------------------------------------
2016-08-05 14:55:33 - MOD: Modification Default
FILE: system/engine/action.php
REGEX: ~(require|include)(_once)?\(([^)]+)~
LINE: 58
FILE: system/engine/loader.php
REGEX: ~(require|include)(_once)?\(([^)]+)~
LINE: 20
LINE: 37
LINE: 54
LINE: 65
FILE: system/library/config.php
REGEX: ~(require|include)(_once)?\(([^)]+)~
LINE: 23
FILE: system/library/language.php
REGEX: ~(require|include)(_once)?\(([^)]+)~
LINE: 21
LINE: 27
----------------------------------------------------------------
MOD: KulerThemes CP
FILE: system/library/response.php
CODE: if ($this->output) {
LINE: 58
FILE: system/engine/front.php
CODE: $this->registry = $registry;
LINE: 7
FILE: catalog/controller/module/kuler_cp.php
CODE: $this->overrideResponse();
LINE: 1975
FILE: catalog/model/design/layout.php
CODE: return $query->rows;
LINE: 23
FILE: admin/controller/design/layout.php
CODE: $this->response->setOutput($this->load->view('design/layout_form.tpl', $data));
LINE: 402
FILE: admin/view/template/design/layout_form.tpl
CODE: html += '    <option value="column_right"><?php echo $text_column_right; ?></option>';
LINE: 192
CODE: <option value="column_right"><?php echo $text_column_right; ?></option>
LINE: 130
----------------------------------------------------------------
MOD: Zorka
FILE: catalog/controller/module/carousel.php
CODE: $this->document->addStyle('catalog/view/javascript/jquery/owl-carousel/owl.carousel.css');
LINE: 8
----------------------------------------------------------------
MOD: Admin Advanced Products Filter
FILE: admin/controller/common/menu.php
CODE: $this->load->language('common/menu');
LINE: 3
FILE: admin/view/template/common/menu.tpl
CODE: <li><a href="<?php echo $product; ?>"><?php echo $text_product; ?></a></li>
LINE: 5
FILE: admin/controller/catalog/product.php
CODE: protected function getList() {
LINE: 250
CODE: $data['breadcrumbs'] = array();
LINE: 336
LINE: 732
CODE: $url = '';
LINE: 26
LINE: 78
LINE: 132
LINE: 210
LINE: 302
LINE: 461
LINE: 500
LINE: 705
----------------------------------------------------------------
MOD: Ebay Channel
FILE: admin/model/sale/order.php
CODE: $order_query->row['user_agent']
LINE: 148
CODE: CONCAT(o.firstname, ' ', o.lastname) AS customer
LINE: 174
CODE: if (!empty($data['filter_order_id'])) {
LINE: 203
LINE: 325
FILE: admin/controller/sale/order.php
CODE: $this->model_setting_store->getStores()
LINE: 1720
CODE: $data['ip'] = $order_info['ip'];
LINE: 2600
CODE: $this->load->controller('payment/' . $order_info['payment_code'] . '/order');
NOT FOUND!
CODE: if (($this->request->server['REQUEST_METHOD'] == 'POST') && $this->validateForm()) {
NOT FOUND!
CODE: 'order_product_id' => $product['order_product_id'],
LINE: 2924
CODE: $data['order_products'][]
LINE: 1508
CODE: 'order_id'      => $result['order_id'],
LINE: 770
CODE: $data['sort_order'] = $this->url->link('sale/order', 'token=' . $this->session->data['token'] . '&sort=o.order_id' . $url, 'SSL');
LINE: 984
CODE: $pagination->url = $this->url->link('sale/order', 'token=' . $this->session->data['token'] . $url . '&page={page}', 'SSL');
LINE: 1079
CODE: $order_total = $this->model_sale_order->getTotalOrders($data);
NOT FOUND!
FILE: admin/view/template/sale/order_info.tpl
CODE: <div class="row">
NOT FOUND!
CODE: <td class="left"><?php echo $column_model; ?></td>
NOT FOUND!
CODE: <td class="left"><?php echo $product['model']; ?></td>
NOT FOUND!
CODE: <td colspan="4" class="right"><?php echo $totals['title']; ?>:</td>
NOT FOUND!
CODE: <li id="sale">
LINE: 88
FILE: admin/view/template/common/stats.tpl
CODE: <div id="stats">
LINE: 56
FILE: admin/controller/common/stats.php
CODE: $this->load->model('sale/order')
LINE: 12
CODE: $data['home']
LINE: 113
FILE: admin/model/catalog/product.php
CODE: pre.admin.product.edit
LINE: 128
----------------------------------------------------------------
MOD: Power Image Manager 2.0
FILE: admin/controller/common/header.php
CODE: return $this->load->view('common/header.tpl'
LINE: 141
FILE: admin/view/template/common/header.tpl
CODE: <script type="text/javascript" src="view/javascript/bootstrap/js/bootstrap.min.js"></script>
LINE: 28
FILE: admin/controller/common/filemanager.php
CODE: public function index() {
LINE: 29
CODE: public function index() {
LINE: 29
CODE: public function delete() {
LINE: 518
CODE: private $error = array();
LINE: 2
CODE: function getForm() {
LINE: 627
FILE: admin/view/template/catalog/product_form.tpl
CODE: <td class="text-right"><?php echo $entry_sort_order; ?></td>
LINE: 825
CODE: <td class="text-right"><input type="text" name="product_image[<?php echo $image_row; ?>][sort_order]"
LINE: 839
CODE: html += '  <td class="text-right"><input type="text" name="product_image[' + image_row + '][sort_order]"
LINE: 1362
CODE: <?php echo $footer; ?>
LINE: 1459
CODE: <button type="button" onclick="addImage();"
LINE: 848
FILE: admin/controller/common/footer.php
CODE: return $this->load->view('common/footer.tpl'
LINE: 28
FILE: admin/view/template/common/footer.tpl
CODE: <footer id="footer">
LINE: 126
CODE: foreach ($data['product_description'] as $language_id => $value) {
LINE: 19
LINE: 154
CODE: foreach ($data['product_description'] as $language_id => $value) {
LINE: 25
LINE: 166
CODE: foreach ($data['product_image'] as $product_image) {
LINE: 78
LINE: 235
CODE: $this->db->query("DELETE FROM " . DB_PREFIX . "product_to_download WHERE product_id = '" . (int)$product_id . "'");
LINE: 248
LINE: 373
CODE: return $this->load->view('common/menu.tpl', $data);
LINE: 216
CODE: <li><a href="<?php echo $information; ?>"><?php echo $text_information; ?></a></li>
LINE: 21
FILE: admin/language/english/common/menu.php
CODE: <?php
LINE: 0
----------------------------------------------------------------
2016-08-05 14:55:40 - MOD: Modification Default
FILE: system/engine/action.php
REGEX: ~(require|include)(_once)?\(([^)]+)~
LINE: 58
FILE: system/engine/loader.php
REGEX: ~(require|include)(_once)?\(([^)]+)~
LINE: 20
LINE: 37
LINE: 54
LINE: 65
FILE: system/library/config.php
REGEX: ~(require|include)(_once)?\(([^)]+)~
LINE: 23
FILE: system/library/language.php
REGEX: ~(require|include)(_once)?\(([^)]+)~
LINE: 21
LINE: 27
----------------------------------------------------------------
MOD: KulerThemes CP
FILE: system/library/response.php
CODE: if ($this->output) {
LINE: 58
FILE: system/engine/front.php
CODE: $this->registry = $registry;
LINE: 7
FILE: catalog/controller/module/kuler_cp.php
CODE: $this->overrideResponse();
LINE: 1975
FILE: catalog/model/design/layout.php
CODE: return $query->rows;
LINE: 23
FILE: admin/controller/design/layout.php
CODE: $this->response->setOutput($this->load->view('design/layout_form.tpl', $data));
LINE: 402
FILE: admin/view/template/design/layout_form.tpl
CODE: html += '    <option value="column_right"><?php echo $text_column_right; ?></option>';
LINE: 192
CODE: <option value="column_right"><?php echo $text_column_right; ?></option>
LINE: 130
----------------------------------------------------------------
MOD: Zorka
FILE: catalog/controller/module/carousel.php
CODE: $this->document->addStyle('catalog/view/javascript/jquery/owl-carousel/owl.carousel.css');
LINE: 8
----------------------------------------------------------------
MOD: Admin Advanced Products Filter
FILE: admin/controller/common/menu.php
CODE: $this->load->language('common/menu');
LINE: 3
FILE: admin/view/template/common/menu.tpl
CODE: <li><a href="<?php echo $product; ?>"><?php echo $text_product; ?></a></li>
LINE: 5
FILE: admin/controller/catalog/product.php
CODE: protected function getList() {
LINE: 250
CODE: $data['breadcrumbs'] = array();
LINE: 336
LINE: 732
CODE: $url = '';
LINE: 26
LINE: 78
LINE: 132
LINE: 210
LINE: 302
LINE: 461
LINE: 500
LINE: 705
----------------------------------------------------------------
MOD: Ebay Channel
FILE: admin/model/sale/order.php
CODE: $order_query->row['user_agent']
LINE: 148
CODE: CONCAT(o.firstname, ' ', o.lastname) AS customer
LINE: 174
CODE: if (!empty($data['filter_order_id'])) {
LINE: 203
LINE: 325
FILE: admin/controller/sale/order.php
CODE: $this->model_setting_store->getStores()
LINE: 1720
CODE: $data['ip'] = $order_info['ip'];
LINE: 2600
CODE: $this->load->controller('payment/' . $order_info['payment_code'] . '/order');
NOT FOUND!
CODE: if (($this->request->server['REQUEST_METHOD'] == 'POST') && $this->validateForm()) {
NOT FOUND!
CODE: 'order_product_id' => $product['order_product_id'],
LINE: 2924
CODE: $data['order_products'][]
LINE: 1508
CODE: 'order_id'      => $result['order_id'],
LINE: 770
CODE: $data['sort_order'] = $this->url->link('sale/order', 'token=' . $this->session->data['token'] . '&sort=o.order_id' . $url, 'SSL');
LINE: 984
CODE: $pagination->url = $this->url->link('sale/order', 'token=' . $this->session->data['token'] . $url . '&page={page}', 'SSL');
LINE: 1079
CODE: $order_total = $this->model_sale_order->getTotalOrders($data);
NOT FOUND!
FILE: admin/view/template/sale/order_info.tpl
CODE: <div class="row">
NOT FOUND!
CODE: <td class="left"><?php echo $column_model; ?></td>
NOT FOUND!
CODE: <td class="left"><?php echo $product['model']; ?></td>
NOT FOUND!
CODE: <td colspan="4" class="right"><?php echo $totals['title']; ?>:</td>
NOT FOUND!
CODE: <li id="sale">
LINE: 88
FILE: admin/view/template/common/stats.tpl
CODE: <div id="stats">
LINE: 56
FILE: admin/controller/common/stats.php
CODE: $this->load->model('sale/order')
LINE: 12
CODE: $data['home']
LINE: 113
FILE: admin/model/catalog/product.php
CODE: pre.admin.product.edit
LINE: 128
----------------------------------------------------------------
MOD: Power Image Manager 2.0
FILE: admin/controller/common/header.php
CODE: return $this->load->view('common/header.tpl'
LINE: 141
FILE: admin/view/template/common/header.tpl
CODE: <script type="text/javascript" src="view/javascript/bootstrap/js/bootstrap.min.js"></script>
LINE: 28
FILE: admin/controller/common/filemanager.php
CODE: public function index() {
LINE: 29
CODE: public function index() {
LINE: 29
CODE: public function delete() {
LINE: 518
CODE: private $error = array();
LINE: 2
CODE: function getForm() {
LINE: 627
FILE: admin/view/template/catalog/product_form.tpl
CODE: <td class="text-right"><?php echo $entry_sort_order; ?></td>
LINE: 825
CODE: <td class="text-right"><input type="text" name="product_image[<?php echo $image_row; ?>][sort_order]"
LINE: 839
CODE: html += '  <td class="text-right"><input type="text" name="product_image[' + image_row + '][sort_order]"
LINE: 1362
CODE: <?php echo $footer; ?>
LINE: 1459
CODE: <button type="button" onclick="addImage();"
LINE: 848
FILE: admin/controller/common/footer.php
CODE: return $this->load->view('common/footer.tpl'
LINE: 28
FILE: admin/view/template/common/footer.tpl
CODE: <footer id="footer">
LINE: 126
CODE: foreach ($data['product_description'] as $language_id => $value) {
LINE: 19
LINE: 154
CODE: foreach ($data['product_description'] as $language_id => $value) {
LINE: 25
LINE: 166
CODE: foreach ($data['product_image'] as $product_image) {
LINE: 78
LINE: 235
CODE: $this->db->query("DELETE FROM " . DB_PREFIX . "product_to_download WHERE product_id = '" . (int)$product_id . "'");
LINE: 248
LINE: 373
CODE: return $this->load->view('common/menu.tpl', $data);
LINE: 216
CODE: <li><a href="<?php echo $information; ?>"><?php echo $text_information; ?></a></li>
LINE: 21
FILE: admin/language/english/common/menu.php
CODE: <?php
LINE: 0
----------------------------------------------------------------
2016-08-11 15:24:29 - MOD: Modification Default
FILE: system/engine/action.php
REGEX: ~(require|include)(_once)?\(([^)]+)~
LINE: 58
FILE: system/engine/loader.php
REGEX: ~(require|include)(_once)?\(([^)]+)~
LINE: 20
LINE: 37
LINE: 54
LINE: 65
FILE: system/library/config.php
REGEX: ~(require|include)(_once)?\(([^)]+)~
LINE: 23
FILE: system/library/language.php
REGEX: ~(require|include)(_once)?\(([^)]+)~
LINE: 21
LINE: 27
----------------------------------------------------------------
MOD: KulerThemes CP
FILE: system/library/response.php
CODE: if ($this->output) {
LINE: 58
FILE: system/engine/front.php
CODE: $this->registry = $registry;
LINE: 7
FILE: catalog/controller/module/kuler_cp.php
CODE: $this->overrideResponse();
LINE: 1975
FILE: catalog/model/design/layout.php
CODE: return $query->rows;
LINE: 23
FILE: admin/controller/design/layout.php
CODE: $this->response->setOutput($this->load->view('design/layout_form.tpl', $data));
LINE: 402
FILE: admin/view/template/design/layout_form.tpl
CODE: html += '    <option value="column_right"><?php echo $text_column_right; ?></option>';
LINE: 192
CODE: <option value="column_right"><?php echo $text_column_right; ?></option>
LINE: 130
----------------------------------------------------------------
MOD: Zorka
FILE: catalog/controller/module/carousel.php
CODE: $this->document->addStyle('catalog/view/javascript/jquery/owl-carousel/owl.carousel.css');
LINE: 8
----------------------------------------------------------------
MOD: Admin Advanced Products Filter
FILE: admin/controller/common/menu.php
CODE: $this->load->language('common/menu');
LINE: 3
FILE: admin/view/template/common/menu.tpl
CODE: <li><a href="<?php echo $product; ?>"><?php echo $text_product; ?></a></li>
LINE: 5
FILE: admin/controller/catalog/product.php
CODE: protected function getList() {
LINE: 250
CODE: $data['breadcrumbs'] = array();
LINE: 336
LINE: 732
CODE: $url = '';
LINE: 26
LINE: 78
LINE: 132
LINE: 210
LINE: 302
LINE: 461
LINE: 500
LINE: 705
----------------------------------------------------------------
MOD: Ebay Channel
FILE: admin/model/sale/order.php
CODE: $order_query->row['user_agent']
LINE: 148
CODE: CONCAT(o.firstname, ' ', o.lastname) AS customer
LINE: 174
CODE: if (!empty($data['filter_order_id'])) {
LINE: 203
LINE: 325
FILE: admin/controller/sale/order.php
CODE: $this->model_setting_store->getStores()
LINE: 1720
CODE: $data['ip'] = $order_info['ip'];
LINE: 2600
CODE: $this->load->controller('payment/' . $order_info['payment_code'] . '/order');
NOT FOUND!
CODE: if (($this->request->server['REQUEST_METHOD'] == 'POST') && $this->validateForm()) {
NOT FOUND!
CODE: 'order_product_id' => $product['order_product_id'],
LINE: 2924
CODE: $data['order_products'][]
LINE: 1508
CODE: 'order_id'      => $result['order_id'],
LINE: 770
CODE: $data['sort_order'] = $this->url->link('sale/order', 'token=' . $this->session->data['token'] . '&sort=o.order_id' . $url, 'SSL');
LINE: 984
CODE: $pagination->url = $this->url->link('sale/order', 'token=' . $this->session->data['token'] . $url . '&page={page}', 'SSL');
LINE: 1079
CODE: $order_total = $this->model_sale_order->getTotalOrders($data);
NOT FOUND!
FILE: admin/view/template/sale/order_info.tpl
CODE: <div class="row">
NOT FOUND!
CODE: <td class="left"><?php echo $column_model; ?></td>
NOT FOUND!
CODE: <td class="left"><?php echo $product['model']; ?></td>
NOT FOUND!
CODE: <td colspan="4" class="right"><?php echo $totals['title']; ?>:</td>
NOT FOUND!
CODE: <li id="sale">
LINE: 88
FILE: admin/view/template/common/stats.tpl
CODE: <div id="stats">
LINE: 56
FILE: admin/controller/common/stats.php
CODE: $this->load->model('sale/order')
LINE: 12
CODE: $data['home']
LINE: 113
FILE: admin/model/catalog/product.php
CODE: pre.admin.product.edit
LINE: 128
----------------------------------------------------------------
MOD: Power Image Manager 2.0
FILE: admin/controller/common/header.php
CODE: return $this->load->view('common/header.tpl'
LINE: 141
FILE: admin/view/template/common/header.tpl
CODE: <script type="text/javascript" src="view/javascript/bootstrap/js/bootstrap.min.js"></script>
LINE: 28
FILE: admin/controller/common/filemanager.php
CODE: public function index() {
LINE: 29
CODE: public function index() {
LINE: 29
CODE: public function delete() {
LINE: 518
CODE: private $error = array();
LINE: 2
CODE: function getForm() {
LINE: 627
FILE: admin/view/template/catalog/product_form.tpl
CODE: <td class="text-right"><?php echo $entry_sort_order; ?></td>
LINE: 825
CODE: <td class="text-right"><input type="text" name="product_image[<?php echo $image_row; ?>][sort_order]"
LINE: 839
CODE: html += '  <td class="text-right"><input type="text" name="product_image[' + image_row + '][sort_order]"
LINE: 1362
CODE: <?php echo $footer; ?>
LINE: 1459
CODE: <button type="button" onclick="addImage();"
LINE: 848
FILE: admin/controller/common/footer.php
CODE: return $this->load->view('common/footer.tpl'
LINE: 28
FILE: admin/view/template/common/footer.tpl
CODE: <footer id="footer">
LINE: 126
CODE: foreach ($data['product_description'] as $language_id => $value) {
LINE: 19
LINE: 154
CODE: foreach ($data['product_description'] as $language_id => $value) {
LINE: 25
LINE: 166
CODE: foreach ($data['product_image'] as $product_image) {
LINE: 78
LINE: 235
CODE: $this->db->query("DELETE FROM " . DB_PREFIX . "product_to_download WHERE product_id = '" . (int)$product_id . "'");
LINE: 248
LINE: 373
CODE: return $this->load->view('common/menu.tpl', $data);
LINE: 216
CODE: <li><a href="<?php echo $information; ?>"><?php echo $text_information; ?></a></li>
LINE: 21
FILE: admin/language/english/common/menu.php
CODE: <?php
LINE: 0
----------------------------------------------------------------
2016-08-11 15:26:23 - MOD: Modification Default
FILE: system/engine/action.php
REGEX: ~(require|include)(_once)?\(([^)]+)~
LINE: 58
FILE: system/engine/loader.php
REGEX: ~(require|include)(_once)?\(([^)]+)~
LINE: 20
LINE: 37
LINE: 54
LINE: 65
FILE: system/library/config.php
REGEX: ~(require|include)(_once)?\(([^)]+)~
LINE: 23
FILE: system/library/language.php
REGEX: ~(require|include)(_once)?\(([^)]+)~
LINE: 21
LINE: 27
----------------------------------------------------------------
MOD: KulerThemes CP
FILE: system/library/response.php
CODE: if ($this->output) {
LINE: 58
FILE: system/engine/front.php
CODE: $this->registry = $registry;
LINE: 7
FILE: catalog/controller/module/kuler_cp.php
CODE: $this->overrideResponse();
LINE: 1975
FILE: catalog/model/design/layout.php
CODE: return $query->rows;
LINE: 23
FILE: admin/controller/design/layout.php
CODE: $this->response->setOutput($this->load->view('design/layout_form.tpl', $data));
LINE: 402
FILE: admin/view/template/design/layout_form.tpl
CODE: html += '    <option value="column_right"><?php echo $text_column_right; ?></option>';
LINE: 192
CODE: <option value="column_right"><?php echo $text_column_right; ?></option>
LINE: 130
----------------------------------------------------------------
MOD: Zorka
FILE: catalog/controller/module/carousel.php
CODE: $this->document->addStyle('catalog/view/javascript/jquery/owl-carousel/owl.carousel.css');
LINE: 8
----------------------------------------------------------------
MOD: Admin Advanced Products Filter
FILE: admin/controller/common/menu.php
CODE: $this->load->language('common/menu');
LINE: 3
FILE: admin/view/template/common/menu.tpl
CODE: <li><a href="<?php echo $product; ?>"><?php echo $text_product; ?></a></li>
LINE: 5
FILE: admin/controller/catalog/product.php
CODE: protected function getList() {
LINE: 250
CODE: $data['breadcrumbs'] = array();
LINE: 336
LINE: 732
CODE: $url = '';
LINE: 26
LINE: 78
LINE: 132
LINE: 210
LINE: 302
LINE: 461
LINE: 500
LINE: 705
----------------------------------------------------------------
MOD: Ebay Channel
FILE: admin/model/sale/order.php
CODE: $order_query->row['user_agent']
LINE: 148
CODE: CONCAT(o.firstname, ' ', o.lastname) AS customer
LINE: 174
CODE: if (!empty($data['filter_order_id'])) {
LINE: 203
LINE: 325
FILE: admin/controller/sale/order.php
CODE: $this->model_setting_store->getStores()
LINE: 1720
CODE: $data['ip'] = $order_info['ip'];
LINE: 2600
CODE: $this->load->controller('payment/' . $order_info['payment_code'] . '/order');
NOT FOUND!
CODE: if (($this->request->server['REQUEST_METHOD'] == 'POST') && $this->validateForm()) {
NOT FOUND!
CODE: 'order_product_id' => $product['order_product_id'],
LINE: 2924
CODE: $data['order_products'][]
LINE: 1508
CODE: 'order_id'      => $result['order_id'],
LINE: 770
CODE: $data['sort_order'] = $this->url->link('sale/order', 'token=' . $this->session->data['token'] . '&sort=o.order_id' . $url, 'SSL');
LINE: 984
CODE: $pagination->url = $this->url->link('sale/order', 'token=' . $this->session->data['token'] . $url . '&page={page}', 'SSL');
LINE: 1079
CODE: $order_total = $this->model_sale_order->getTotalOrders($data);
NOT FOUND!
FILE: admin/view/template/sale/order_info.tpl
CODE: <div class="row">
NOT FOUND!
CODE: <td class="left"><?php echo $column_model; ?></td>
NOT FOUND!
CODE: <td class="left"><?php echo $product['model']; ?></td>
NOT FOUND!
CODE: <td colspan="4" class="right"><?php echo $totals['title']; ?>:</td>
NOT FOUND!
CODE: <li id="sale">
LINE: 88
FILE: admin/view/template/common/stats.tpl
CODE: <div id="stats">
LINE: 56
FILE: admin/controller/common/stats.php
CODE: $this->load->model('sale/order')
LINE: 12
CODE: $data['home']
LINE: 113
FILE: admin/model/catalog/product.php
CODE: pre.admin.product.edit
LINE: 128
----------------------------------------------------------------
MOD: Power Image Manager 2.0
FILE: admin/controller/common/header.php
CODE: return $this->load->view('common/header.tpl'
LINE: 141
FILE: admin/view/template/common/header.tpl
CODE: <script type="text/javascript" src="view/javascript/bootstrap/js/bootstrap.min.js"></script>
LINE: 28
FILE: admin/controller/common/filemanager.php
CODE: public function index() {
LINE: 29
CODE: public function index() {
LINE: 29
CODE: public function delete() {
LINE: 518
CODE: private $error = array();
LINE: 2
CODE: function getForm() {
LINE: 627
FILE: admin/view/template/catalog/product_form.tpl
CODE: <td class="text-right"><?php echo $entry_sort_order; ?></td>
LINE: 825
CODE: <td class="text-right"><input type="text" name="product_image[<?php echo $image_row; ?>][sort_order]"
LINE: 839
CODE: html += '  <td class="text-right"><input type="text" name="product_image[' + image_row + '][sort_order]"
LINE: 1362
CODE: <?php echo $footer; ?>
LINE: 1459
CODE: <button type="button" onclick="addImage();"
LINE: 848
FILE: admin/controller/common/footer.php
CODE: return $this->load->view('common/footer.tpl'
LINE: 28
FILE: admin/view/template/common/footer.tpl
CODE: <footer id="footer">
LINE: 126
CODE: foreach ($data['product_description'] as $language_id => $value) {
LINE: 19
LINE: 154
CODE: foreach ($data['product_description'] as $language_id => $value) {
LINE: 25
LINE: 166
CODE: foreach ($data['product_image'] as $product_image) {
LINE: 78
LINE: 235
CODE: $this->db->query("DELETE FROM " . DB_PREFIX . "product_to_download WHERE product_id = '" . (int)$product_id . "'");
LINE: 248
LINE: 373
CODE: return $this->load->view('common/menu.tpl', $data);
LINE: 216
CODE: <li><a href="<?php echo $information; ?>"><?php echo $text_information; ?></a></li>
LINE: 21
FILE: admin/language/english/common/menu.php
CODE: <?php
LINE: 0
----------------------------------------------------------------
2016-08-11 15:29:50 - MOD: Modification Default
FILE: system/engine/action.php
REGEX: ~(require|include)(_once)?\(([^)]+)~
LINE: 58
FILE: system/engine/loader.php
REGEX: ~(require|include)(_once)?\(([^)]+)~
LINE: 20
LINE: 37
LINE: 54
LINE: 65
FILE: system/library/config.php
REGEX: ~(require|include)(_once)?\(([^)]+)~
LINE: 23
FILE: system/library/language.php
REGEX: ~(require|include)(_once)?\(([^)]+)~
LINE: 21
LINE: 27
----------------------------------------------------------------
MOD: KulerThemes CP
FILE: system/library/response.php
CODE: if ($this->output) {
LINE: 58
FILE: system/engine/front.php
CODE: $this->registry = $registry;
LINE: 7
FILE: catalog/controller/module/kuler_cp.php
CODE: $this->overrideResponse();
LINE: 1975
FILE: catalog/model/design/layout.php
CODE: return $query->rows;
LINE: 23
FILE: admin/controller/design/layout.php
CODE: $this->response->setOutput($this->load->view('design/layout_form.tpl', $data));
LINE: 402
FILE: admin/view/template/design/layout_form.tpl
CODE: html += '    <option value="column_right"><?php echo $text_column_right; ?></option>';
LINE: 192
CODE: <option value="column_right"><?php echo $text_column_right; ?></option>
LINE: 130
----------------------------------------------------------------
MOD: Zorka
FILE: catalog/controller/module/carousel.php
CODE: $this->document->addStyle('catalog/view/javascript/jquery/owl-carousel/owl.carousel.css');
LINE: 8
----------------------------------------------------------------
MOD: Admin Advanced Products Filter
FILE: admin/controller/common/menu.php
CODE: $this->load->language('common/menu');
LINE: 3
FILE: admin/view/template/common/menu.tpl
CODE: <li><a href="<?php echo $product; ?>"><?php echo $text_product; ?></a></li>
LINE: 5
FILE: admin/controller/catalog/product.php
CODE: protected function getList() {
LINE: 250
CODE: $data['breadcrumbs'] = array();
LINE: 336
LINE: 732
CODE: $url = '';
LINE: 26
LINE: 78
LINE: 132
LINE: 210
LINE: 302
LINE: 461
LINE: 500
LINE: 705
----------------------------------------------------------------
MOD: Ebay Channel
FILE: admin/model/sale/order.php
CODE: $order_query->row['user_agent']
LINE: 148
CODE: CONCAT(o.firstname, ' ', o.lastname) AS customer
LINE: 174
CODE: if (!empty($data['filter_order_id'])) {
LINE: 203
LINE: 325
FILE: admin/controller/sale/order.php
CODE: $this->model_setting_store->getStores()
LINE: 1720
CODE: $data['ip'] = $order_info['ip'];
LINE: 2600
CODE: $this->load->controller('payment/' . $order_info['payment_code'] . '/order');
NOT FOUND!
CODE: if (($this->request->server['REQUEST_METHOD'] == 'POST') && $this->validateForm()) {
NOT FOUND!
CODE: 'order_product_id' => $product['order_product_id'],
LINE: 2924
CODE: $data['order_products'][]
LINE: 1508
CODE: 'order_id'      => $result['order_id'],
LINE: 770
CODE: $data['sort_order'] = $this->url->link('sale/order', 'token=' . $this->session->data['token'] . '&sort=o.order_id' . $url, 'SSL');
LINE: 984
CODE: $pagination->url = $this->url->link('sale/order', 'token=' . $this->session->data['token'] . $url . '&page={page}', 'SSL');
LINE: 1079
CODE: $order_total = $this->model_sale_order->getTotalOrders($data);
NOT FOUND!
FILE: admin/view/template/sale/order_info.tpl
CODE: <div class="row">
NOT FOUND!
CODE: <td class="left"><?php echo $column_model; ?></td>
NOT FOUND!
CODE: <td class="left"><?php echo $product['model']; ?></td>
NOT FOUND!
CODE: <td colspan="4" class="right"><?php echo $totals['title']; ?>:</td>
NOT FOUND!
CODE: <li id="sale">
LINE: 88
FILE: admin/view/template/common/stats.tpl
CODE: <div id="stats">
LINE: 56
FILE: admin/controller/common/stats.php
CODE: $this->load->model('sale/order')
LINE: 12
CODE: $data['home']
LINE: 113
FILE: admin/model/catalog/product.php
CODE: pre.admin.product.edit
LINE: 128
----------------------------------------------------------------
MOD: Power Image Manager 2.0
FILE: admin/controller/common/header.php
CODE: return $this->load->view('common/header.tpl'
LINE: 141
FILE: admin/view/template/common/header.tpl
CODE: <script type="text/javascript" src="view/javascript/bootstrap/js/bootstrap.min.js"></script>
LINE: 28
FILE: admin/controller/common/filemanager.php
CODE: public function index() {
LINE: 29
CODE: public function index() {
LINE: 29
CODE: public function delete() {
LINE: 518
CODE: private $error = array();
LINE: 2
CODE: function getForm() {
LINE: 627
FILE: admin/view/template/catalog/product_form.tpl
CODE: <td class="text-right"><?php echo $entry_sort_order; ?></td>
LINE: 825
CODE: <td class="text-right"><input type="text" name="product_image[<?php echo $image_row; ?>][sort_order]"
LINE: 839
CODE: html += '  <td class="text-right"><input type="text" name="product_image[' + image_row + '][sort_order]"
LINE: 1362
CODE: <?php echo $footer; ?>
LINE: 1459
CODE: <button type="button" onclick="addImage();"
LINE: 848
FILE: admin/controller/common/footer.php
CODE: return $this->load->view('common/footer.tpl'
LINE: 28
FILE: admin/view/template/common/footer.tpl
CODE: <footer id="footer">
LINE: 126
CODE: foreach ($data['product_description'] as $language_id => $value) {
LINE: 19
LINE: 154
CODE: foreach ($data['product_description'] as $language_id => $value) {
LINE: 25
LINE: 166
CODE: foreach ($data['product_image'] as $product_image) {
LINE: 78
LINE: 235
CODE: $this->db->query("DELETE FROM " . DB_PREFIX . "product_to_download WHERE product_id = '" . (int)$product_id . "'");
LINE: 248
LINE: 373
CODE: return $this->load->view('common/menu.tpl', $data);
LINE: 216
CODE: <li><a href="<?php echo $information; ?>"><?php echo $text_information; ?></a></li>
LINE: 21
FILE: admin/language/english/common/menu.php
CODE: <?php
LINE: 0
----------------------------------------------------------------
2016-08-11 15:30:00 - MOD: Modification Default
FILE: system/engine/action.php
REGEX: ~(require|include)(_once)?\(([^)]+)~
LINE: 58
FILE: system/engine/loader.php
REGEX: ~(require|include)(_once)?\(([^)]+)~
LINE: 20
LINE: 37
LINE: 54
LINE: 65
FILE: system/library/config.php
REGEX: ~(require|include)(_once)?\(([^)]+)~
LINE: 23
FILE: system/library/language.php
REGEX: ~(require|include)(_once)?\(([^)]+)~
LINE: 21
LINE: 27
----------------------------------------------------------------
MOD: KulerThemes CP
FILE: system/library/response.php
CODE: if ($this->output) {
LINE: 58
FILE: system/engine/front.php
CODE: $this->registry = $registry;
LINE: 7
FILE: catalog/controller/module/kuler_cp.php
CODE: $this->overrideResponse();
LINE: 1975
FILE: catalog/model/design/layout.php
CODE: return $query->rows;
LINE: 23
FILE: admin/controller/design/layout.php
CODE: $this->response->setOutput($this->load->view('design/layout_form.tpl', $data));
LINE: 402
FILE: admin/view/template/design/layout_form.tpl
CODE: html += '    <option value="column_right"><?php echo $text_column_right; ?></option>';
LINE: 192
CODE: <option value="column_right"><?php echo $text_column_right; ?></option>
LINE: 130
----------------------------------------------------------------
MOD: Zorka
FILE: catalog/controller/module/carousel.php
CODE: $this->document->addStyle('catalog/view/javascript/jquery/owl-carousel/owl.carousel.css');
LINE: 8
----------------------------------------------------------------
MOD: Admin Advanced Products Filter
FILE: admin/controller/common/menu.php
CODE: $this->load->language('common/menu');
LINE: 3
FILE: admin/view/template/common/menu.tpl
CODE: <li><a href="<?php echo $product; ?>"><?php echo $text_product; ?></a></li>
LINE: 5
FILE: admin/controller/catalog/product.php
CODE: protected function getList() {
LINE: 250
CODE: $data['breadcrumbs'] = array();
LINE: 336
LINE: 732
CODE: $url = '';
LINE: 26
LINE: 78
LINE: 132
LINE: 210
LINE: 302
LINE: 461
LINE: 500
LINE: 705
----------------------------------------------------------------
MOD: Ebay Channel
FILE: admin/model/sale/order.php
CODE: $order_query->row['user_agent']
LINE: 148
CODE: CONCAT(o.firstname, ' ', o.lastname) AS customer
LINE: 174
CODE: if (!empty($data['filter_order_id'])) {
LINE: 203
LINE: 325
FILE: admin/controller/sale/order.php
CODE: $this->model_setting_store->getStores()
LINE: 1720
CODE: $data['ip'] = $order_info['ip'];
LINE: 2600
CODE: $this->load->controller('payment/' . $order_info['payment_code'] . '/order');
NOT FOUND!
CODE: if (($this->request->server['REQUEST_METHOD'] == 'POST') && $this->validateForm()) {
NOT FOUND!
CODE: 'order_product_id' => $product['order_product_id'],
LINE: 2924
CODE: $data['order_products'][]
LINE: 1508
CODE: 'order_id'      => $result['order_id'],
LINE: 770
CODE: $data['sort_order'] = $this->url->link('sale/order', 'token=' . $this->session->data['token'] . '&sort=o.order_id' . $url, 'SSL');
LINE: 984
CODE: $pagination->url = $this->url->link('sale/order', 'token=' . $this->session->data['token'] . $url . '&page={page}', 'SSL');
LINE: 1079
CODE: $order_total = $this->model_sale_order->getTotalOrders($data);
NOT FOUND!
FILE: admin/view/template/sale/order_info.tpl
CODE: <div class="row">
NOT FOUND!
CODE: <td class="left"><?php echo $column_model; ?></td>
NOT FOUND!
CODE: <td class="left"><?php echo $product['model']; ?></td>
NOT FOUND!
CODE: <td colspan="4" class="right"><?php echo $totals['title']; ?>:</td>
NOT FOUND!
CODE: <li id="sale">
LINE: 88
FILE: admin/view/template/common/stats.tpl
CODE: <div id="stats">
LINE: 56
FILE: admin/controller/common/stats.php
CODE: $this->load->model('sale/order')
LINE: 12
CODE: $data['home']
LINE: 113
FILE: admin/model/catalog/product.php
CODE: pre.admin.product.edit
LINE: 128
----------------------------------------------------------------
MOD: Power Image Manager 2.0
FILE: admin/controller/common/header.php
CODE: return $this->load->view('common/header.tpl'
LINE: 141
FILE: admin/view/template/common/header.tpl
CODE: <script type="text/javascript" src="view/javascript/bootstrap/js/bootstrap.min.js"></script>
LINE: 28
FILE: admin/controller/common/filemanager.php
CODE: public function index() {
LINE: 29
CODE: public function index() {
LINE: 29
CODE: public function delete() {
LINE: 518
CODE: private $error = array();
LINE: 2
CODE: function getForm() {
LINE: 627
FILE: admin/view/template/catalog/product_form.tpl
CODE: <td class="text-right"><?php echo $entry_sort_order; ?></td>
LINE: 825
CODE: <td class="text-right"><input type="text" name="product_image[<?php echo $image_row; ?>][sort_order]"
LINE: 839
CODE: html += '  <td class="text-right"><input type="text" name="product_image[' + image_row + '][sort_order]"
LINE: 1362
CODE: <?php echo $footer; ?>
LINE: 1459
CODE: <button type="button" onclick="addImage();"
LINE: 848
FILE: admin/controller/common/footer.php
CODE: return $this->load->view('common/footer.tpl'
LINE: 28
FILE: admin/view/template/common/footer.tpl
CODE: <footer id="footer">
LINE: 126
CODE: foreach ($data['product_description'] as $language_id => $value) {
LINE: 19
LINE: 154
CODE: foreach ($data['product_description'] as $language_id => $value) {
LINE: 25
LINE: 166
CODE: foreach ($data['product_image'] as $product_image) {
LINE: 78
LINE: 235
CODE: $this->db->query("DELETE FROM " . DB_PREFIX . "product_to_download WHERE product_id = '" . (int)$product_id . "'");
LINE: 248
LINE: 373
CODE: return $this->load->view('common/menu.tpl', $data);
LINE: 216
CODE: <li><a href="<?php echo $information; ?>"><?php echo $text_information; ?></a></li>
LINE: 21
FILE: admin/language/english/common/menu.php
CODE: <?php
LINE: 0
----------------------------------------------------------------
2016-08-11 15:30:21 - MOD: Modification Default
FILE: system/engine/action.php
REGEX: ~(require|include)(_once)?\(([^)]+)~
LINE: 58
FILE: system/engine/loader.php
REGEX: ~(require|include)(_once)?\(([^)]+)~
LINE: 20
LINE: 37
LINE: 54
LINE: 65
FILE: system/library/config.php
REGEX: ~(require|include)(_once)?\(([^)]+)~
LINE: 23
FILE: system/library/language.php
REGEX: ~(require|include)(_once)?\(([^)]+)~
LINE: 21
LINE: 27
----------------------------------------------------------------
MOD: KulerThemes CP
FILE: system/library/response.php
CODE: if ($this->output) {
LINE: 58
FILE: system/engine/front.php
CODE: $this->registry = $registry;
LINE: 7
FILE: catalog/controller/module/kuler_cp.php
CODE: $this->overrideResponse();
LINE: 1975
FILE: catalog/model/design/layout.php
CODE: return $query->rows;
LINE: 23
FILE: admin/controller/design/layout.php
CODE: $this->response->setOutput($this->load->view('design/layout_form.tpl', $data));
LINE: 402
FILE: admin/view/template/design/layout_form.tpl
CODE: html += '    <option value="column_right"><?php echo $text_column_right; ?></option>';
LINE: 192
CODE: <option value="column_right"><?php echo $text_column_right; ?></option>
LINE: 130
----------------------------------------------------------------
MOD: Zorka
FILE: catalog/controller/module/carousel.php
CODE: $this->document->addStyle('catalog/view/javascript/jquery/owl-carousel/owl.carousel.css');
LINE: 8
----------------------------------------------------------------
MOD: Admin Advanced Products Filter
FILE: admin/controller/common/menu.php
CODE: $this->load->language('common/menu');
LINE: 3
FILE: admin/view/template/common/menu.tpl
CODE: <li><a href="<?php echo $product; ?>"><?php echo $text_product; ?></a></li>
LINE: 5
FILE: admin/controller/catalog/product.php
CODE: protected function getList() {
LINE: 250
CODE: $data['breadcrumbs'] = array();
LINE: 336
LINE: 732
CODE: $url = '';
LINE: 26
LINE: 78
LINE: 132
LINE: 210
LINE: 302
LINE: 461
LINE: 500
LINE: 705
----------------------------------------------------------------
MOD: Ebay Channel
FILE: admin/model/sale/order.php
CODE: $order_query->row['user_agent']
LINE: 148
CODE: CONCAT(o.firstname, ' ', o.lastname) AS customer
LINE: 174
CODE: if (!empty($data['filter_order_id'])) {
LINE: 203
LINE: 325
FILE: admin/controller/sale/order.php
CODE: $this->model_setting_store->getStores()
LINE: 1720
CODE: $data['ip'] = $order_info['ip'];
LINE: 2600
CODE: $this->load->controller('payment/' . $order_info['payment_code'] . '/order');
NOT FOUND!
CODE: if (($this->request->server['REQUEST_METHOD'] == 'POST') && $this->validateForm()) {
NOT FOUND!
CODE: 'order_product_id' => $product['order_product_id'],
LINE: 2924
CODE: $data['order_products'][]
LINE: 1508
CODE: 'order_id'      => $result['order_id'],
LINE: 770
CODE: $data['sort_order'] = $this->url->link('sale/order', 'token=' . $this->session->data['token'] . '&sort=o.order_id' . $url, 'SSL');
LINE: 984
CODE: $pagination->url = $this->url->link('sale/order', 'token=' . $this->session->data['token'] . $url . '&page={page}', 'SSL');
LINE: 1079
CODE: $order_total = $this->model_sale_order->getTotalOrders($data);
NOT FOUND!
FILE: admin/view/template/sale/order_info.tpl
CODE: <div class="row">
NOT FOUND!
CODE: <td class="left"><?php echo $column_model; ?></td>
NOT FOUND!
CODE: <td class="left"><?php echo $product['model']; ?></td>
NOT FOUND!
CODE: <td colspan="4" class="right"><?php echo $totals['title']; ?>:</td>
NOT FOUND!
CODE: <li id="sale">
LINE: 88
FILE: admin/view/template/common/stats.tpl
CODE: <div id="stats">
LINE: 56
FILE: admin/controller/common/stats.php
CODE: $this->load->model('sale/order')
LINE: 12
CODE: $data['home']
LINE: 113
FILE: admin/model/catalog/product.php
CODE: pre.admin.product.edit
LINE: 128
----------------------------------------------------------------
MOD: Power Image Manager 2.0
FILE: admin/controller/common/header.php
CODE: return $this->load->view('common/header.tpl'
LINE: 141
FILE: admin/view/template/common/header.tpl
CODE: <script type="text/javascript" src="view/javascript/bootstrap/js/bootstrap.min.js"></script>
LINE: 28
FILE: admin/controller/common/filemanager.php
CODE: public function index() {
LINE: 29
CODE: public function index() {
LINE: 29
CODE: public function delete() {
LINE: 518
CODE: private $error = array();
LINE: 2
CODE: function getForm() {
LINE: 627
FILE: admin/view/template/catalog/product_form.tpl
CODE: <td class="text-right"><?php echo $entry_sort_order; ?></td>
LINE: 825
CODE: <td class="text-right"><input type="text" name="product_image[<?php echo $image_row; ?>][sort_order]"
LINE: 839
CODE: html += '  <td class="text-right"><input type="text" name="product_image[' + image_row + '][sort_order]"
LINE: 1362
CODE: <?php echo $footer; ?>
LINE: 1459
CODE: <button type="button" onclick="addImage();"
LINE: 848
FILE: admin/controller/common/footer.php
CODE: return $this->load->view('common/footer.tpl'
LINE: 28
FILE: admin/view/template/common/footer.tpl
CODE: <footer id="footer">
LINE: 126
CODE: foreach ($data['product_description'] as $language_id => $value) {
LINE: 19
LINE: 154
CODE: foreach ($data['product_description'] as $language_id => $value) {
LINE: 25
LINE: 166
CODE: foreach ($data['product_image'] as $product_image) {
LINE: 78
LINE: 235
CODE: $this->db->query("DELETE FROM " . DB_PREFIX . "product_to_download WHERE product_id = '" . (int)$product_id . "'");
LINE: 248
LINE: 373
CODE: return $this->load->view('common/menu.tpl', $data);
LINE: 216
CODE: <li><a href="<?php echo $information; ?>"><?php echo $text_information; ?></a></li>
LINE: 21
FILE: admin/language/english/common/menu.php
CODE: <?php
LINE: 0
----------------------------------------------------------------
2016-08-17 13:01:32 - MOD: Modification Default
FILE: system/engine/action.php
REGEX: ~(require|include)(_once)?\(([^)]+)~
LINE: 58
FILE: system/engine/loader.php
REGEX: ~(require|include)(_once)?\(([^)]+)~
LINE: 20
LINE: 37
LINE: 54
LINE: 65
FILE: system/library/config.php
REGEX: ~(require|include)(_once)?\(([^)]+)~
LINE: 23
FILE: system/library/language.php
REGEX: ~(require|include)(_once)?\(([^)]+)~
LINE: 21
LINE: 27
----------------------------------------------------------------
MOD: KulerThemes CP
FILE: system/library/response.php
CODE: if ($this->output) {
LINE: 58
FILE: system/engine/front.php
CODE: $this->registry = $registry;
LINE: 7
FILE: catalog/controller/module/kuler_cp.php
CODE: $this->overrideResponse();
LINE: 1975
FILE: catalog/model/design/layout.php
CODE: return $query->rows;
LINE: 23
FILE: admin/controller/design/layout.php
CODE: $this->response->setOutput($this->load->view('design/layout_form.tpl', $data));
LINE: 402
FILE: admin/view/template/design/layout_form.tpl
CODE: html += '    <option value="column_right"><?php echo $text_column_right; ?></option>';
LINE: 192
CODE: <option value="column_right"><?php echo $text_column_right; ?></option>
LINE: 130
----------------------------------------------------------------
MOD: Zorka
FILE: catalog/controller/module/carousel.php
CODE: $this->document->addStyle('catalog/view/javascript/jquery/owl-carousel/owl.carousel.css');
LINE: 8
----------------------------------------------------------------
MOD: Admin Advanced Products Filter
FILE: admin/controller/common/menu.php
CODE: $this->load->language('common/menu');
LINE: 3
FILE: admin/view/template/common/menu.tpl
CODE: <li><a href="<?php echo $product; ?>"><?php echo $text_product; ?></a></li>
LINE: 5
FILE: admin/controller/catalog/product.php
CODE: protected function getList() {
LINE: 250
CODE: $data['breadcrumbs'] = array();
LINE: 336
LINE: 732
CODE: $url = '';
LINE: 26
LINE: 78
LINE: 132
LINE: 210
LINE: 302
LINE: 461
LINE: 500
LINE: 705
----------------------------------------------------------------
MOD: Date Added
CODE: $data['entry_date_available'] = $this->language->get('entry_date_available');
LINE: 632
CODE: if (isset($this->request->post['date_available'])) {
LINE: 992
FILE: admin/model/catalog/product.php
CODE: function editProduct($product_id, $data) {
LINE: 127
FILE: admin/view/template/catalog/product_form.tpl
CODE: <label class="col-sm-2 control-label" for="input-length"><?php echo $entry_dimension; ?></label>
LINE: 274
FILE: admin/language/english/catalog/product.php
CODE: <?php
LINE: 0
----------------------------------------------------------------
MOD: Ebay Channel
FILE: admin/model/sale/order.php
CODE: $order_query->row['user_agent']
LINE: 148
CODE: CONCAT(o.firstname, ' ', o.lastname) AS customer
LINE: 174
CODE: if (!empty($data['filter_order_id'])) {
LINE: 203
LINE: 325
FILE: admin/controller/sale/order.php
CODE: $this->model_setting_store->getStores()
LINE: 1720
CODE: $data['ip'] = $order_info['ip'];
LINE: 2600
CODE: $this->load->controller('payment/' . $order_info['payment_code'] . '/order');
NOT FOUND!
CODE: if (($this->request->server['REQUEST_METHOD'] == 'POST') && $this->validateForm()) {
NOT FOUND!
CODE: 'order_product_id' => $product['order_product_id'],
LINE: 2924
CODE: $data['order_products'][]
LINE: 1508
CODE: 'order_id'      => $result['order_id'],
LINE: 770
CODE: $data['sort_order'] = $this->url->link('sale/order', 'token=' . $this->session->data['token'] . '&sort=o.order_id' . $url, 'SSL');
LINE: 984
CODE: $pagination->url = $this->url->link('sale/order', 'token=' . $this->session->data['token'] . $url . '&page={page}', 'SSL');
LINE: 1079
CODE: $order_total = $this->model_sale_order->getTotalOrders($data);
NOT FOUND!
FILE: admin/view/template/sale/order_info.tpl
CODE: <div class="row">
NOT FOUND!
CODE: <td class="left"><?php echo $column_model; ?></td>
NOT FOUND!
CODE: <td class="left"><?php echo $product['model']; ?></td>
NOT FOUND!
CODE: <td colspan="4" class="right"><?php echo $totals['title']; ?>:</td>
NOT FOUND!
CODE: <li id="sale">
LINE: 88
FILE: admin/view/template/common/stats.tpl
CODE: <div id="stats">
LINE: 56
FILE: admin/controller/common/stats.php
CODE: $this->load->model('sale/order')
LINE: 12
CODE: $data['home']
LINE: 113
CODE: pre.admin.product.edit
LINE: 133
----------------------------------------------------------------
MOD: Power Image Manager 2.0
FILE: admin/controller/common/header.php
CODE: return $this->load->view('common/header.tpl'
LINE: 141
FILE: admin/view/template/common/header.tpl
CODE: <script type="text/javascript" src="view/javascript/bootstrap/js/bootstrap.min.js"></script>
LINE: 28
FILE: admin/controller/common/filemanager.php
CODE: public function index() {
LINE: 29
CODE: public function index() {
LINE: 29
CODE: public function delete() {
LINE: 518
CODE: private $error = array();
LINE: 2
CODE: function getForm() {
LINE: 627
CODE: <td class="text-right"><?php echo $entry_sort_order; ?></td>
LINE: 839
CODE: <td class="text-right"><input type="text" name="product_image[<?php echo $image_row; ?>][sort_order]"
LINE: 853
CODE: html += '  <td class="text-right"><input type="text" name="product_image[' + image_row + '][sort_order]"
LINE: 1376
CODE: <?php echo $footer; ?>
LINE: 1473
CODE: <button type="button" onclick="addImage();"
LINE: 862
FILE: admin/controller/common/footer.php
CODE: return $this->load->view('common/footer.tpl'
LINE: 28
FILE: admin/view/template/common/footer.tpl
CODE: <footer id="footer">
LINE: 126
CODE: foreach ($data['product_description'] as $language_id => $value) {
LINE: 19
LINE: 159
CODE: foreach ($data['product_description'] as $language_id => $value) {
LINE: 25
LINE: 171
CODE: foreach ($data['product_image'] as $product_image) {
LINE: 78
LINE: 240
CODE: $this->db->query("DELETE FROM " . DB_PREFIX . "product_to_download WHERE product_id = '" . (int)$product_id . "'");
LINE: 253
LINE: 378
CODE: return $this->load->view('common/menu.tpl', $data);
LINE: 216
CODE: <li><a href="<?php echo $information; ?>"><?php echo $text_information; ?></a></li>
LINE: 21
FILE: admin/language/english/common/menu.php
CODE: <?php
LINE: 0
----------------------------------------------------------------
2016-09-25 15:40:48 - MOD: Modification Default
FILE: system/engine/action.php
REGEX: ~(require|include)(_once)?\(([^)]+)~
LINE: 58
FILE: system/engine/loader.php
REGEX: ~(require|include)(_once)?\(([^)]+)~
LINE: 20
LINE: 37
LINE: 54
LINE: 65
FILE: system/library/config.php
REGEX: ~(require|include)(_once)?\(([^)]+)~
LINE: 23
FILE: system/library/language.php
REGEX: ~(require|include)(_once)?\(([^)]+)~
LINE: 21
LINE: 27
----------------------------------------------------------------
MOD: KulerThemes CP
FILE: system/library/response.php
CODE: if ($this->output) {
LINE: 58
FILE: system/engine/front.php
CODE: $this->registry = $registry;
LINE: 7
FILE: catalog/controller/module/kuler_cp.php
CODE: $this->overrideResponse();
LINE: 1975
FILE: catalog/model/design/layout.php
CODE: return $query->rows;
LINE: 23
FILE: admin/controller/design/layout.php
CODE: $this->response->setOutput($this->load->view('design/layout_form.tpl', $data));
LINE: 402
FILE: admin/view/template/design/layout_form.tpl
CODE: html += '    <option value="column_right"><?php echo $text_column_right; ?></option>';
LINE: 192
CODE: <option value="column_right"><?php echo $text_column_right; ?></option>
LINE: 130
----------------------------------------------------------------
MOD: Zorka
FILE: catalog/controller/module/carousel.php
CODE: $this->document->addStyle('catalog/view/javascript/jquery/owl-carousel/owl.carousel.css');
LINE: 8
----------------------------------------------------------------
MOD: Admin Advanced Products Filter
FILE: admin/controller/common/menu.php
CODE: $this->load->language('common/menu');
LINE: 3
FILE: admin/view/template/common/menu.tpl
CODE: <li><a href="<?php echo $product; ?>"><?php echo $text_product; ?></a></li>
LINE: 5
FILE: admin/controller/catalog/product.php
CODE: protected function getList() {
LINE: 250
CODE: $data['breadcrumbs'] = array();
LINE: 336
LINE: 732
CODE: $url = '';
LINE: 26
LINE: 78
LINE: 132
LINE: 210
LINE: 302
LINE: 461
LINE: 500
LINE: 705
----------------------------------------------------------------
MOD: Date Added
CODE: $data['entry_date_available'] = $this->language->get('entry_date_available');
LINE: 632
CODE: if (isset($this->request->post['date_available'])) {
LINE: 992
FILE: admin/model/catalog/product.php
CODE: function editProduct($product_id, $data) {
LINE: 127
FILE: admin/view/template/catalog/product_form.tpl
CODE: <label class="col-sm-2 control-label" for="input-length"><?php echo $entry_dimension; ?></label>
LINE: 274
FILE: admin/language/english/catalog/product.php
CODE: <?php
LINE: 0
----------------------------------------------------------------
MOD: Ebay Channel
FILE: admin/model/sale/order.php
CODE: $order_query->row['user_agent']
LINE: 148
CODE: CONCAT(o.firstname, ' ', o.lastname) AS customer
LINE: 174
CODE: if (!empty($data['filter_order_id'])) {
LINE: 203
LINE: 325
FILE: admin/controller/sale/order.php
CODE: $this->model_setting_store->getStores()
LINE: 1720
CODE: $data['ip'] = $order_info['ip'];
LINE: 2600
CODE: $this->load->controller('payment/' . $order_info['payment_code'] . '/order');
NOT FOUND!
CODE: if (($this->request->server['REQUEST_METHOD'] == 'POST') && $this->validateForm()) {
NOT FOUND!
CODE: 'order_product_id' => $product['order_product_id'],
LINE: 2924
CODE: $data['order_products'][]
LINE: 1508
CODE: 'order_id'      => $result['order_id'],
LINE: 770
CODE: $data['sort_order'] = $this->url->link('sale/order', 'token=' . $this->session->data['token'] . '&sort=o.order_id' . $url, 'SSL');
LINE: 984
CODE: $pagination->url = $this->url->link('sale/order', 'token=' . $this->session->data['token'] . $url . '&page={page}', 'SSL');
LINE: 1079
CODE: $order_total = $this->model_sale_order->getTotalOrders($data);
NOT FOUND!
FILE: admin/view/template/sale/order_info.tpl
CODE: <div class="row">
NOT FOUND!
CODE: <td class="left"><?php echo $column_model; ?></td>
NOT FOUND!
CODE: <td class="left"><?php echo $product['model']; ?></td>
NOT FOUND!
CODE: <td colspan="4" class="right"><?php echo $totals['title']; ?>:</td>
NOT FOUND!
CODE: <li id="sale">
LINE: 88
FILE: admin/view/template/common/stats.tpl
CODE: <div id="stats">
LINE: 56
FILE: admin/controller/common/stats.php
CODE: $this->load->model('sale/order')
LINE: 12
CODE: $data['home']
LINE: 113
CODE: pre.admin.product.edit
LINE: 133
----------------------------------------------------------------
MOD: Email Templates Core
CODE: $file = DIR_LANGUAGE
LINE: 17
LINE: 23
CODE: private $directory;
LINE: 3
CODE: public function get($key
LINE: 22
FILE: system/library/mail.php
CODE: protected $subject;
LINE: 8
CODE: protected $subject;
LINE: 10
CODE: protected $subject;
LINE: 12
CODE: public function send(
LINE: 70
CODE: public function send(
LINE: 74
CODE: public function send(
LINE: 78
CODE: public function send(
LINE: 83
CODE: public function send(
LINE: 99
CODE: public function send() {
LINE: 99
CODE: $header .= 'Return-Path: ' . $this->from . $this->newline;
LINE: 157
CODE: $header .= 'Return-Path: ' . $this->from . $this->newline;
LINE: 157
FILE: admin/model/tool/image.php
CODE: public function resize(
LINE: 9
CODE: if ($this->request->server['HTTPS']) {
LINE: 43
FILE: catalog/model/tool/image.php
CODE: public function resize(
LINE: 9
CODE: if ($this->request->server['HTTPS']) {
LINE: 43
CODE: $data['home'] = $this->url->link('common/dashboard', 'token=' . $this->session->data['token'], 'SSL');
LINE: 119
CODE: <li><a href="<?php echo $feed; ?>"><?php echo $text_feed; ?></a></li>
LINE: 33
FILE: catalog/model/checkout/order.php
CODE: $this->db->query("INSERT INTO `" . DB_PREFIX . "order` SET
LINE: 5
CODE: => $order_query->row['customer_id'],
LINE: 190
CODE: 'customer_id'             => $order_query->row['customer_id'],
LINE: 190
FILE: catalog/controller/affiliate/login.php
CODE: $data['email'] = $this->request->post['email'];
LINE: 95
FILE: catalog/controller/account/login.php
CODE: $data['email'] = $this->request->post['email'];
LINE: 150
----------------------------------------------------------------
MOD: Email Templates Language - English
FILE: admin/language/english/common/menu.php
CODE: <?php
LINE: 0
FILE: admin/language/english/sale/customer.php
CODE: <?php
LINE: 0
FILE: admin/language/english/sale/order.php
CODE: <?php
LINE: 0
FILE: admin/language/english/sale/return.php
CODE: <?php
LINE: 0
FILE: admin/language/english/marketing/contact.php
CODE: <?php
LINE: 0
FILE: catalog/language/english/account/newsletter.php
CODE: <?php
LINE: 0
----------------------------------------------------------------
MOD: Power Image Manager 2.0
FILE: admin/controller/common/header.php
CODE: return $this->load->view('common/header.tpl'
LINE: 141
FILE: admin/view/template/common/header.tpl
CODE: <script type="text/javascript" src="view/javascript/bootstrap/js/bootstrap.min.js"></script>
LINE: 28
FILE: admin/controller/common/filemanager.php
CODE: public function index() {
LINE: 29
CODE: public function index() {
LINE: 29
CODE: public function delete() {
LINE: 518
CODE: private $error = array();
LINE: 2
CODE: function getForm() {
LINE: 627
CODE: <td class="text-right"><?php echo $entry_sort_order; ?></td>
LINE: 839
CODE: <td class="text-right"><input type="text" name="product_image[<?php echo $image_row; ?>][sort_order]"
LINE: 853
CODE: html += '  <td class="text-right"><input type="text" name="product_image[' + image_row + '][sort_order]"
LINE: 1376
CODE: <?php echo $footer; ?>
LINE: 1473
CODE: <button type="button" onclick="addImage();"
LINE: 862
FILE: admin/controller/common/footer.php
CODE: return $this->load->view('common/footer.tpl'
LINE: 28
FILE: admin/view/template/common/footer.tpl
CODE: <footer id="footer">
LINE: 126
CODE: foreach ($data['product_description'] as $language_id => $value) {
LINE: 19
LINE: 159
CODE: foreach ($data['product_description'] as $language_id => $value) {
LINE: 25
LINE: 171
CODE: foreach ($data['product_image'] as $product_image) {
LINE: 78
LINE: 240
CODE: $this->db->query("DELETE FROM " . DB_PREFIX . "product_to_download WHERE product_id = '" . (int)$product_id . "'");
LINE: 253
LINE: 378
CODE: return $this->load->view('common/menu.tpl', $data);
LINE: 222
CODE: <li><a href="<?php echo $information; ?>"><?php echo $text_information; ?></a></li>
LINE: 21
CODE: <?php
LINE: 0
----------------------------------------------------------------
2016-09-25 15:57:54 - MOD: Modification Default
FILE: system/engine/action.php
REGEX: ~(require|include)(_once)?\(([^)]+)~
LINE: 58
FILE: system/engine/loader.php
REGEX: ~(require|include)(_once)?\(([^)]+)~
LINE: 20
LINE: 37
LINE: 54
LINE: 65
FILE: system/library/config.php
REGEX: ~(require|include)(_once)?\(([^)]+)~
LINE: 23
FILE: system/library/language.php
REGEX: ~(require|include)(_once)?\(([^)]+)~
LINE: 21
LINE: 27
----------------------------------------------------------------
MOD: KulerThemes CP
FILE: system/library/response.php
CODE: if ($this->output) {
LINE: 58
FILE: system/engine/front.php
CODE: $this->registry = $registry;
LINE: 7
FILE: catalog/controller/module/kuler_cp.php
CODE: $this->overrideResponse();
LINE: 1975
FILE: catalog/model/design/layout.php
CODE: return $query->rows;
LINE: 23
FILE: admin/controller/design/layout.php
CODE: $this->response->setOutput($this->load->view('design/layout_form.tpl', $data));
LINE: 402
FILE: admin/view/template/design/layout_form.tpl
CODE: html += '    <option value="column_right"><?php echo $text_column_right; ?></option>';
LINE: 192
CODE: <option value="column_right"><?php echo $text_column_right; ?></option>
LINE: 130
----------------------------------------------------------------
MOD: Zorka
FILE: catalog/controller/module/carousel.php
CODE: $this->document->addStyle('catalog/view/javascript/jquery/owl-carousel/owl.carousel.css');
LINE: 8
----------------------------------------------------------------
MOD: Admin Advanced Products Filter
FILE: admin/controller/common/menu.php
CODE: $this->load->language('common/menu');
LINE: 3
FILE: admin/view/template/common/menu.tpl
CODE: <li><a href="<?php echo $product; ?>"><?php echo $text_product; ?></a></li>
LINE: 5
FILE: admin/controller/catalog/product.php
CODE: protected function getList() {
LINE: 250
CODE: $data['breadcrumbs'] = array();
LINE: 336
LINE: 732
CODE: $url = '';
LINE: 26
LINE: 78
LINE: 132
LINE: 210
LINE: 302
LINE: 461
LINE: 500
LINE: 705
----------------------------------------------------------------
MOD: Date Added
CODE: $data['entry_date_available'] = $this->language->get('entry_date_available');
LINE: 632
CODE: if (isset($this->request->post['date_available'])) {
LINE: 992
FILE: admin/model/catalog/product.php
CODE: function editProduct($product_id, $data) {
LINE: 127
FILE: admin/view/template/catalog/product_form.tpl
CODE: <label class="col-sm-2 control-label" for="input-length"><?php echo $entry_dimension; ?></label>
LINE: 274
FILE: admin/language/english/catalog/product.php
CODE: <?php
LINE: 0
----------------------------------------------------------------
MOD: Ebay Channel
FILE: admin/model/sale/order.php
CODE: $order_query->row['user_agent']
LINE: 148
CODE: CONCAT(o.firstname, ' ', o.lastname) AS customer
LINE: 174
CODE: if (!empty($data['filter_order_id'])) {
LINE: 203
LINE: 325
FILE: admin/controller/sale/order.php
CODE: $this->model_setting_store->getStores()
LINE: 1720
CODE: $data['ip'] = $order_info['ip'];
LINE: 2600
CODE: $this->load->controller('payment/' . $order_info['payment_code'] . '/order');
NOT FOUND!
CODE: if (($this->request->server['REQUEST_METHOD'] == 'POST') && $this->validateForm()) {
NOT FOUND!
CODE: 'order_product_id' => $product['order_product_id'],
LINE: 2924
CODE: $data['order_products'][]
LINE: 1508
CODE: 'order_id'      => $result['order_id'],
LINE: 770
CODE: $data['sort_order'] = $this->url->link('sale/order', 'token=' . $this->session->data['token'] . '&sort=o.order_id' . $url, 'SSL');
LINE: 984
CODE: $pagination->url = $this->url->link('sale/order', 'token=' . $this->session->data['token'] . $url . '&page={page}', 'SSL');
LINE: 1079
CODE: $order_total = $this->model_sale_order->getTotalOrders($data);
NOT FOUND!
FILE: admin/view/template/sale/order_info.tpl
CODE: <div class="row">
NOT FOUND!
CODE: <td class="left"><?php echo $column_model; ?></td>
NOT FOUND!
CODE: <td class="left"><?php echo $product['model']; ?></td>
NOT FOUND!
CODE: <td colspan="4" class="right"><?php echo $totals['title']; ?>:</td>
NOT FOUND!
CODE: <li id="sale">
LINE: 88
FILE: admin/view/template/common/stats.tpl
CODE: <div id="stats">
LINE: 56
FILE: admin/controller/common/stats.php
CODE: $this->load->model('sale/order')
LINE: 12
CODE: $data['home']
LINE: 113
CODE: pre.admin.product.edit
LINE: 133
----------------------------------------------------------------
MOD: Email Templates
FILE: catalog/model/account/customer.php
CODE: $this->load->language('mail/customer');
LINE: 25
CODE: $mail->send();
LINE: 161
FILE: catalog/controller/account/forgotten.php
CODE: $mail = new Mail(
LINE: 46
CODE: $mail->send();
LINE: 52
FILE: catalog/controller/information/contact.php
CODE: $this->response->redirect($this->url->link('information/contact/success'));
LINE: 29
FILE: admin/model/sale/customer.php
CODE: $message  = sprintf($this->language->get('text_approve_welcome')
LINE: 191
CODE: $mail->send();
LINE: 204
CODE: $customer_id = $this->db->getLastId();
LINE: 5
CODE: $message  = sprintf($this->language->get('text_reward_received')
LINE: 498
CODE: $mail->send();
LINE: 507
CODE: $message  = sprintf($this->language->get('text_transaction_received')
LINE: 416
CODE: $mail->send();
LINE: 452
FILE: admin/controller/marketing/contact.php
CODE: $data['entry_message'] = $this->language->get('entry_message');
LINE: 28
CODE: $json['success'] = $this->language->get('text_success');
LINE: 252
CODE: if ($emails) {
LINE: 245
CODE: $emails[] = $customer_info['email'];
LINE: 202
CODE: $emails[$result['customer_id']] = $result['email'];
LINE: 193
CODE: $emails[] = $result['email'];
LINE: 231
CODE: $emails[] = $affiliate_info['email'];
LINE: 243
CODE: $emails[] = $result['email'];
LINE: 164
LINE: 178
LINE: 261
CODE: foreach ($emails as $email) {
LINE: 308
CODE: $message  = '<html
LINE: 375
CODE: <title>' . $this->request->post['subject'] . '</title>'
LINE: 377
CODE: $mail->setSender($store_name);
LINE: 388
CODE: html_entity_decode($this->request->post['message']
LINE: 380
CODE: $mail->setHtml($message);
LINE: 390
CODE: $mail->send();
LINE: 395
CODE: marketing/contact.tpl
LINE: 101
FILE: catalog/controller/account/newsletter.php
CODE: class ControllerAccountNewsletter extends Controller {
LINE: 1
FILE: catalog/model/checkout/order.php
CODE: public function addOrderHistory(
LINE: 264
CODE: $subject = sprintf($language->get('text_new_subject'), $order_info['store_name'], $order_id);
LINE: 422
CODE: $text .= $comment
LINE: 662
CODE: $this->db->query("INSERT INTO " . DB_PREFIX . "order_history SET
LINE: 319
CODE: $order_option_query = $this->db->query("SELECT * FROM " . DB_PREFIX . "order_option WHERE order_id = '" . (int)$order_id . "' AND order_product_id = '" . (int)$product['order_product_id'] . "'");
LINE: 593
CODE: 'value' => (utf8_strlen($value) > 20 ? utf8_substr($value, 0, 20) . '..' : $value)
LINE: 612
CODE: $data['products'][] = array(
LINE: 620
CODE: $html = $this->load->view($this->config->get('config_template') . '/template/mail/order.tpl', $data);
LINE: 687
LINE: 803
CODE: $html = $this->load->view('default/template/mail/order.tpl', $data);
LINE: 689
LINE: 805
CODE: $mail->setHtml($html);
LINE: 769
LINE: 856
CODE: $mail->send();
LINE: 771
CODE: if ($this->config->get('config_order_mail')) {
LINE: 828
CODE: $mail->send();
LINE: 918
CODE: $message .= $language->get('text_update_footer');
LINE: 979
CODE: $mail->send();
LINE: 1188
CODE: $data['shipping'] = $this->url->link('sale/order/shipping', 'token=' . $this->session->data['token'] . '&order_id=' . (int)$this->request->get['order_id'], 'SSL');
LINE: 2330
CODE: public function history(
LINE: 4059
CODE: nl2br($result['comment'])
LINE: 4119
CODE: id="input-notify"
LINE: 368
CODE: $('#button-history').on('click', function() {
LINE: 873
CODE: 'index.php?route=sale/order/history&token=<?php echo $token; ?>&order_id=<?php echo $order_id; ?>'
LINE: 871
LINE: 914
CODE: 'index.php?route=sale/order/api&token=<?php echo $token; ?>&api=api/order/history&order_id=<?php echo $order_id; ?>'
LINE: 896
CODE: '&comment=' + encodeURIComponent($('textarea[name=\'comment\']').val())
LINE: 899
CODE: $('textarea[name=\'comment\']').val('');
LINE: 918
CODE: <?php echo $footer; ?>
LINE: 1031
FILE: catalog/model/checkout/voucher.php
CODE: // HTML Mail
LINE: 87
CODE: $html = $this->load->view($this->config->get('config_template') . '/template/mail/voucher.tpl', $data);
LINE: 121
CODE: $html = $this->load->view('default/template/mail/voucher.tpl', $data);
LINE: 123
CODE: $mail->setHtml($html);
LINE: 131
CODE: $mail->send();
LINE: 132
FILE: admin/model/sale/return.php
CODE: $this->db->query("INSERT INTO " . DB_PREFIX . "return_history
LINE: 169
CODE: $subject = sprintf($this->language->get('text_subject')
LINE: 222
CODE: $mail->send();
LINE: 242
CODE: comment = '" . $this->db->escape(strip_tags($data['comment'])) . "'
LINE: 169
FILE: admin/controller/sale/return.php
CODE: $data['entry_notify'] = $this->language->get('entry_notify');
LINE: 583
CODE: $data['order_id'] = $return_info['order_id'];
LINE: 751
CODE: public function history(
LINE: 967
CODE: nl2br($result['comment'])
LINE: 1018
FILE: admin/view/template/sale/return_form.tpl
CODE: <input type="checkbox" name="notify" value="1" id="input-notify" />
LINE: 214
CODE: <?php echo $footer; ?>
LINE: 388
CODE: $('#button-history').on('click', function(e) {
LINE: 309
CODE: '&comment=' + encodeURIComponent($('textarea[name=\'history_comment\']').val())
LINE: 325
CODE: $('textarea[name=\'history_comment\']').val('');
LINE: 337
FILE: admin/model/sale/voucher.php
CODE: $mail->setHtml($this->load->view('mail/voucher.tpl', $data));
LINE: 123
LINE: 159
CODE: $voucher_theme_info = $this->model_sale_voucher_theme->getVoucherTheme($voucher_info['voucher_theme_id']);
LINE: 106
LINE: 168
CODE: $mail->send();
LINE: 150
LINE: 212
FILE: admin/model/marketing/affiliate.php
CODE: $mail->setSubject(sprintf($this->language->get('text_approve_subject')
LINE: 157
CODE: $mail->send();
LINE: 159
CODE: $message  = sprintf($this->language->get('text_transaction_received')
LINE: 259
CODE: $mail->send();
LINE: 268
FILE: catalog/controller/affiliate/forgotten.php
CODE: $mail = new Mail(
LINE: 48
CODE: $mail->send();
LINE: 54
FILE: catalog/model/affiliate/affiliate.php
CODE: $mail = new Mail(
LINE: 51
CODE: $mail->send();
LINE: 57
CODE: if ($this->config->get('config_account_mail')) {
LINE: 169
CODE: $mail->send();
LINE: 185
CODE: $mail = new Mail(
LINE: 29
CODE: $mail->send();
LINE: 35
CODE: $mail->send();
LINE: 85
FILE: catalog/model/catalog/review.php
CODE: $mail = new Mail(
LINE: 43
CODE: $mail->send();
LINE: 49
FILE: catalog/model/openbay/ebay_order.php
CODE: $subject = sprintf($language->get('text_new_subject'),
LINE: 290
CODE: $text .= $comment
LINE: 501
CODE: $this->db->query("INSERT INTO " . DB_PREFIX . "order_history SET
LINE: 199
CODE: $order_option_query = $this->db->query("SELECT * FROM " . DB_PREFIX . "order_option WHERE order_id = '" . (int)$order_id . "' AND order_product_id = '" . (int)$product['order_product_id'] . "'");
LINE: 460
CODE: 'value' => (utf8_strlen($value) > 20) ? utf8_substr($value, 0, 20) . '..' : $value
LINE: 473
CODE: $template->data['products'][] = array(
LINE: 481
CODE: $html = $template->fetch($this->config->get('config_template') . '/template/mail/order.tpl');
LINE: 530
CODE: $html = $template->fetch('default/template/mail/order.tpl');
LINE: 532
CODE: $mail->setHtml($html);
LINE: 599
CODE: $mail->send();
LINE: 601
CODE: $message .= $language->get('text_update_footer');
LINE: 230
CODE: $mail->send();
LINE: 304
FILE: system/library/openbay.php
CODE: $subject = sprintf($language->get('text_new_subject')
LINE: 251
CODE: $text .= $order_info['comment'] . "\n\n";
LINE: 347
CODE: $mail->send();
LINE: 478
----------------------------------------------------------------
MOD: Email Templates Core
CODE: $file = DIR_LANGUAGE
LINE: 17
LINE: 23
CODE: private $directory;
LINE: 3
CODE: public function get($key
LINE: 22
FILE: system/library/mail.php
CODE: protected $subject;
LINE: 8
CODE: protected $subject;
LINE: 10
CODE: protected $subject;
LINE: 12
CODE: public function send(
LINE: 70
CODE: public function send(
LINE: 74
CODE: public function send(
LINE: 78
CODE: public function send(
LINE: 83
CODE: public function send(
LINE: 99
CODE: public function send() {
LINE: 99
CODE: $header .= 'Return-Path: ' . $this->from . $this->newline;
LINE: 157
CODE: $header .= 'Return-Path: ' . $this->from . $this->newline;
LINE: 157
FILE: admin/model/tool/image.php
CODE: public function resize(
LINE: 9
CODE: if ($this->request->server['HTTPS']) {
LINE: 43
FILE: catalog/model/tool/image.php
CODE: public function resize(
LINE: 9
CODE: if ($this->request->server['HTTPS']) {
LINE: 43
CODE: $data['home'] = $this->url->link('common/dashboard', 'token=' . $this->session->data['token'], 'SSL');
LINE: 119
CODE: <li><a href="<?php echo $feed; ?>"><?php echo $text_feed; ?></a></li>
LINE: 33
CODE: $this->db->query("INSERT INTO `" . DB_PREFIX . "order` SET
LINE: 5
CODE: => $order_query->row['customer_id'],
LINE: 190
CODE: 'customer_id'             => $order_query->row['customer_id'],
LINE: 190
FILE: catalog/controller/affiliate/login.php
CODE: $data['email'] = $this->request->post['email'];
LINE: 95
FILE: catalog/controller/account/login.php
CODE: $data['email'] = $this->request->post['email'];
LINE: 150
----------------------------------------------------------------
MOD: Email Templates Language - English
FILE: admin/language/english/common/menu.php
CODE: <?php
LINE: 0
FILE: admin/language/english/sale/customer.php
CODE: <?php
LINE: 0
FILE: admin/language/english/sale/order.php
CODE: <?php
LINE: 0
FILE: admin/language/english/sale/return.php
CODE: <?php
LINE: 0
FILE: admin/language/english/marketing/contact.php
CODE: <?php
LINE: 0
FILE: catalog/language/english/account/newsletter.php
CODE: <?php
LINE: 0
----------------------------------------------------------------
MOD: Power Image Manager 2.0
FILE: admin/controller/common/header.php
CODE: return $this->load->view('common/header.tpl'
LINE: 141
FILE: admin/view/template/common/header.tpl
CODE: <script type="text/javascript" src="view/javascript/bootstrap/js/bootstrap.min.js"></script>
LINE: 28
FILE: admin/controller/common/filemanager.php
CODE: public function index() {
LINE: 29
CODE: public function index() {
LINE: 29
CODE: public function delete() {
LINE: 518
CODE: private $error = array();
LINE: 2
CODE: function getForm() {
LINE: 627
CODE: <td class="text-right"><?php echo $entry_sort_order; ?></td>
LINE: 839
CODE: <td class="text-right"><input type="text" name="product_image[<?php echo $image_row; ?>][sort_order]"
LINE: 853
CODE: html += '  <td class="text-right"><input type="text" name="product_image[' + image_row + '][sort_order]"
LINE: 1376
CODE: <?php echo $footer; ?>
LINE: 1473
CODE: <button type="button" onclick="addImage();"
LINE: 862
FILE: admin/controller/common/footer.php
CODE: return $this->load->view('common/footer.tpl'
LINE: 28
FILE: admin/view/template/common/footer.tpl
CODE: <footer id="footer">
LINE: 126
CODE: foreach ($data['product_description'] as $language_id => $value) {
LINE: 19
LINE: 159
CODE: foreach ($data['product_description'] as $language_id => $value) {
LINE: 25
LINE: 171
CODE: foreach ($data['product_image'] as $product_image) {
LINE: 78
LINE: 240
CODE: $this->db->query("DELETE FROM " . DB_PREFIX . "product_to_download WHERE product_id = '" . (int)$product_id . "'");
LINE: 253
LINE: 378
CODE: return $this->load->view('common/menu.tpl', $data);
LINE: 222
CODE: <li><a href="<?php echo $information; ?>"><?php echo $text_information; ?></a></li>
LINE: 21
CODE: <?php
LINE: 0
----------------------------------------------------------------
2016-09-25 15:58:16 - MOD: Modification Default
FILE: system/engine/action.php
REGEX: ~(require|include)(_once)?\(([^)]+)~
LINE: 58
FILE: system/engine/loader.php
REGEX: ~(require|include)(_once)?\(([^)]+)~
LINE: 20
LINE: 37
LINE: 54
LINE: 65
FILE: system/library/config.php
REGEX: ~(require|include)(_once)?\(([^)]+)~
LINE: 23
FILE: system/library/language.php
REGEX: ~(require|include)(_once)?\(([^)]+)~
LINE: 21
LINE: 27
----------------------------------------------------------------
MOD: KulerThemes CP
FILE: system/library/response.php
CODE: if ($this->output) {
LINE: 58
FILE: system/engine/front.php
CODE: $this->registry = $registry;
LINE: 7
FILE: catalog/controller/module/kuler_cp.php
CODE: $this->overrideResponse();
LINE: 1975
FILE: catalog/model/design/layout.php
CODE: return $query->rows;
LINE: 23
FILE: admin/controller/design/layout.php
CODE: $this->response->setOutput($this->load->view('design/layout_form.tpl', $data));
LINE: 402
FILE: admin/view/template/design/layout_form.tpl
CODE: html += '    <option value="column_right"><?php echo $text_column_right; ?></option>';
LINE: 192
CODE: <option value="column_right"><?php echo $text_column_right; ?></option>
LINE: 130
----------------------------------------------------------------
MOD: Zorka
FILE: catalog/controller/module/carousel.php
CODE: $this->document->addStyle('catalog/view/javascript/jquery/owl-carousel/owl.carousel.css');
LINE: 8
----------------------------------------------------------------
MOD: Admin Advanced Products Filter
FILE: admin/controller/common/menu.php
CODE: $this->load->language('common/menu');
LINE: 3
FILE: admin/view/template/common/menu.tpl
CODE: <li><a href="<?php echo $product; ?>"><?php echo $text_product; ?></a></li>
LINE: 5
FILE: admin/controller/catalog/product.php
CODE: protected function getList() {
LINE: 250
CODE: $data['breadcrumbs'] = array();
LINE: 336
LINE: 732
CODE: $url = '';
LINE: 26
LINE: 78
LINE: 132
LINE: 210
LINE: 302
LINE: 461
LINE: 500
LINE: 705
----------------------------------------------------------------
MOD: Date Added
CODE: $data['entry_date_available'] = $this->language->get('entry_date_available');
LINE: 632
CODE: if (isset($this->request->post['date_available'])) {
LINE: 992
FILE: admin/model/catalog/product.php
CODE: function editProduct($product_id, $data) {
LINE: 127
FILE: admin/view/template/catalog/product_form.tpl
CODE: <label class="col-sm-2 control-label" for="input-length"><?php echo $entry_dimension; ?></label>
LINE: 274
FILE: admin/language/english/catalog/product.php
CODE: <?php
LINE: 0
----------------------------------------------------------------
MOD: Ebay Channel
FILE: admin/model/sale/order.php
CODE: $order_query->row['user_agent']
LINE: 148
CODE: CONCAT(o.firstname, ' ', o.lastname) AS customer
LINE: 174
CODE: if (!empty($data['filter_order_id'])) {
LINE: 203
LINE: 325
FILE: admin/controller/sale/order.php
CODE: $this->model_setting_store->getStores()
LINE: 1720
CODE: $data['ip'] = $order_info['ip'];
LINE: 2600
CODE: $this->load->controller('payment/' . $order_info['payment_code'] . '/order');
NOT FOUND!
CODE: if (($this->request->server['REQUEST_METHOD'] == 'POST') && $this->validateForm()) {
NOT FOUND!
CODE: 'order_product_id' => $product['order_product_id'],
LINE: 2924
CODE: $data['order_products'][]
LINE: 1508
CODE: 'order_id'      => $result['order_id'],
LINE: 770
CODE: $data['sort_order'] = $this->url->link('sale/order', 'token=' . $this->session->data['token'] . '&sort=o.order_id' . $url, 'SSL');
LINE: 984
CODE: $pagination->url = $this->url->link('sale/order', 'token=' . $this->session->data['token'] . $url . '&page={page}', 'SSL');
LINE: 1079
CODE: $order_total = $this->model_sale_order->getTotalOrders($data);
NOT FOUND!
FILE: admin/view/template/sale/order_info.tpl
CODE: <div class="row">
NOT FOUND!
CODE: <td class="left"><?php echo $column_model; ?></td>
NOT FOUND!
CODE: <td class="left"><?php echo $product['model']; ?></td>
NOT FOUND!
CODE: <td colspan="4" class="right"><?php echo $totals['title']; ?>:</td>
NOT FOUND!
CODE: <li id="sale">
LINE: 88
FILE: admin/view/template/common/stats.tpl
CODE: <div id="stats">
LINE: 56
FILE: admin/controller/common/stats.php
CODE: $this->load->model('sale/order')
LINE: 12
CODE: $data['home']
LINE: 113
CODE: pre.admin.product.edit
LINE: 133
----------------------------------------------------------------
MOD: Email Templates
FILE: catalog/model/account/customer.php
CODE: $this->load->language('mail/customer');
LINE: 25
CODE: $mail->send();
LINE: 161
FILE: catalog/controller/account/forgotten.php
CODE: $mail = new Mail(
LINE: 46
CODE: $mail->send();
LINE: 52
FILE: catalog/controller/information/contact.php
CODE: $this->response->redirect($this->url->link('information/contact/success'));
LINE: 29
FILE: admin/model/sale/customer.php
CODE: $message  = sprintf($this->language->get('text_approve_welcome')
LINE: 191
CODE: $mail->send();
LINE: 204
CODE: $customer_id = $this->db->getLastId();
LINE: 5
CODE: $message  = sprintf($this->language->get('text_reward_received')
LINE: 498
CODE: $mail->send();
LINE: 507
CODE: $message  = sprintf($this->language->get('text_transaction_received')
LINE: 416
CODE: $mail->send();
LINE: 452
FILE: admin/controller/marketing/contact.php
CODE: $data['entry_message'] = $this->language->get('entry_message');
LINE: 28
CODE: $json['success'] = $this->language->get('text_success');
LINE: 252
CODE: if ($emails) {
LINE: 245
CODE: $emails[] = $customer_info['email'];
LINE: 202
CODE: $emails[$result['customer_id']] = $result['email'];
LINE: 193
CODE: $emails[] = $result['email'];
LINE: 231
CODE: $emails[] = $affiliate_info['email'];
LINE: 243
CODE: $emails[] = $result['email'];
LINE: 164
LINE: 178
LINE: 261
CODE: foreach ($emails as $email) {
LINE: 308
CODE: $message  = '<html
LINE: 375
CODE: <title>' . $this->request->post['subject'] . '</title>'
LINE: 377
CODE: $mail->setSender($store_name);
LINE: 388
CODE: html_entity_decode($this->request->post['message']
LINE: 380
CODE: $mail->setHtml($message);
LINE: 390
CODE: $mail->send();
LINE: 395
CODE: marketing/contact.tpl
LINE: 101
FILE: catalog/controller/account/newsletter.php
CODE: class ControllerAccountNewsletter extends Controller {
LINE: 1
FILE: catalog/model/checkout/order.php
CODE: public function addOrderHistory(
LINE: 264
CODE: $subject = sprintf($language->get('text_new_subject'), $order_info['store_name'], $order_id);
LINE: 422
CODE: $text .= $comment
LINE: 662
CODE: $this->db->query("INSERT INTO " . DB_PREFIX . "order_history SET
LINE: 319
CODE: $order_option_query = $this->db->query("SELECT * FROM " . DB_PREFIX . "order_option WHERE order_id = '" . (int)$order_id . "' AND order_product_id = '" . (int)$product['order_product_id'] . "'");
LINE: 593
CODE: 'value' => (utf8_strlen($value) > 20 ? utf8_substr($value, 0, 20) . '..' : $value)
LINE: 612
CODE: $data['products'][] = array(
LINE: 620
CODE: $html = $this->load->view($this->config->get('config_template') . '/template/mail/order.tpl', $data);
LINE: 687
LINE: 803
CODE: $html = $this->load->view('default/template/mail/order.tpl', $data);
LINE: 689
LINE: 805
CODE: $mail->setHtml($html);
LINE: 769
LINE: 856
CODE: $mail->send();
LINE: 771
CODE: if ($this->config->get('config_order_mail')) {
LINE: 828
CODE: $mail->send();
LINE: 918
CODE: $message .= $language->get('text_update_footer');
LINE: 979
CODE: $mail->send();
LINE: 1188
CODE: $data['shipping'] = $this->url->link('sale/order/shipping', 'token=' . $this->session->data['token'] . '&order_id=' . (int)$this->request->get['order_id'], 'SSL');
LINE: 2330
CODE: public function history(
LINE: 4059
CODE: nl2br($result['comment'])
LINE: 4119
CODE: id="input-notify"
LINE: 368
CODE: $('#button-history').on('click', function() {
LINE: 873
CODE: 'index.php?route=sale/order/history&token=<?php echo $token; ?>&order_id=<?php echo $order_id; ?>'
LINE: 871
LINE: 914
CODE: 'index.php?route=sale/order/api&token=<?php echo $token; ?>&api=api/order/history&order_id=<?php echo $order_id; ?>'
LINE: 896
CODE: '&comment=' + encodeURIComponent($('textarea[name=\'comment\']').val())
LINE: 899
CODE: $('textarea[name=\'comment\']').val('');
LINE: 918
CODE: <?php echo $footer; ?>
LINE: 1031
FILE: catalog/model/checkout/voucher.php
CODE: // HTML Mail
LINE: 87
CODE: $html = $this->load->view($this->config->get('config_template') . '/template/mail/voucher.tpl', $data);
LINE: 121
CODE: $html = $this->load->view('default/template/mail/voucher.tpl', $data);
LINE: 123
CODE: $mail->setHtml($html);
LINE: 131
CODE: $mail->send();
LINE: 132
FILE: admin/model/sale/return.php
CODE: $this->db->query("INSERT INTO " . DB_PREFIX . "return_history
LINE: 169
CODE: $subject = sprintf($this->language->get('text_subject')
LINE: 222
CODE: $mail->send();
LINE: 242
CODE: comment = '" . $this->db->escape(strip_tags($data['comment'])) . "'
LINE: 169
FILE: admin/controller/sale/return.php
CODE: $data['entry_notify'] = $this->language->get('entry_notify');
LINE: 583
CODE: $data['order_id'] = $return_info['order_id'];
LINE: 751
CODE: public function history(
LINE: 967
CODE: nl2br($result['comment'])
LINE: 1018
FILE: admin/view/template/sale/return_form.tpl
CODE: <input type="checkbox" name="notify" value="1" id="input-notify" />
LINE: 214
CODE: <?php echo $footer; ?>
LINE: 388
CODE: $('#button-history').on('click', function(e) {
LINE: 309
CODE: '&comment=' + encodeURIComponent($('textarea[name=\'history_comment\']').val())
LINE: 325
CODE: $('textarea[name=\'history_comment\']').val('');
LINE: 337
FILE: admin/model/sale/voucher.php
CODE: $mail->setHtml($this->load->view('mail/voucher.tpl', $data));
LINE: 123
LINE: 159
CODE: $voucher_theme_info = $this->model_sale_voucher_theme->getVoucherTheme($voucher_info['voucher_theme_id']);
LINE: 106
LINE: 168
CODE: $mail->send();
LINE: 150
LINE: 212
FILE: admin/model/marketing/affiliate.php
CODE: $mail->setSubject(sprintf($this->language->get('text_approve_subject')
LINE: 157
CODE: $mail->send();
LINE: 159
CODE: $message  = sprintf($this->language->get('text_transaction_received')
LINE: 259
CODE: $mail->send();
LINE: 268
FILE: catalog/controller/affiliate/forgotten.php
CODE: $mail = new Mail(
LINE: 48
CODE: $mail->send();
LINE: 54
FILE: catalog/model/affiliate/affiliate.php
CODE: $mail = new Mail(
LINE: 51
CODE: $mail->send();
LINE: 57
CODE: if ($this->config->get('config_account_mail')) {
LINE: 169
CODE: $mail->send();
LINE: 185
CODE: $mail = new Mail(
LINE: 29
CODE: $mail->send();
LINE: 35
CODE: $mail->send();
LINE: 85
FILE: catalog/model/catalog/review.php
CODE: $mail = new Mail(
LINE: 43
CODE: $mail->send();
LINE: 49
FILE: catalog/model/openbay/ebay_order.php
CODE: $subject = sprintf($language->get('text_new_subject'),
LINE: 290
CODE: $text .= $comment
LINE: 501
CODE: $this->db->query("INSERT INTO " . DB_PREFIX . "order_history SET
LINE: 199
CODE: $order_option_query = $this->db->query("SELECT * FROM " . DB_PREFIX . "order_option WHERE order_id = '" . (int)$order_id . "' AND order_product_id = '" . (int)$product['order_product_id'] . "'");
LINE: 460
CODE: 'value' => (utf8_strlen($value) > 20) ? utf8_substr($value, 0, 20) . '..' : $value
LINE: 473
CODE: $template->data['products'][] = array(
LINE: 481
CODE: $html = $template->fetch($this->config->get('config_template') . '/template/mail/order.tpl');
LINE: 530
CODE: $html = $template->fetch('default/template/mail/order.tpl');
LINE: 532
CODE: $mail->setHtml($html);
LINE: 599
CODE: $mail->send();
LINE: 601
CODE: $message .= $language->get('text_update_footer');
LINE: 230
CODE: $mail->send();
LINE: 304
FILE: system/library/openbay.php
CODE: $subject = sprintf($language->get('text_new_subject')
LINE: 251
CODE: $text .= $order_info['comment'] . "\n\n";
LINE: 347
CODE: $mail->send();
LINE: 478
----------------------------------------------------------------
MOD: Email Templates Core
CODE: $file = DIR_LANGUAGE
LINE: 17
LINE: 23
CODE: private $directory;
LINE: 3
CODE: public function get($key
LINE: 22
FILE: system/library/mail.php
CODE: protected $subject;
LINE: 8
CODE: protected $subject;
LINE: 10
CODE: protected $subject;
LINE: 12
CODE: public function send(
LINE: 70
CODE: public function send(
LINE: 74
CODE: public function send(
LINE: 78
CODE: public function send(
LINE: 83
CODE: public function send(
LINE: 99
CODE: public function send() {
LINE: 99
CODE: $header .= 'Return-Path: ' . $this->from . $this->newline;
LINE: 157
CODE: $header .= 'Return-Path: ' . $this->from . $this->newline;
LINE: 157
FILE: admin/model/tool/image.php
CODE: public function resize(
LINE: 9
CODE: if ($this->request->server['HTTPS']) {
LINE: 43
FILE: catalog/model/tool/image.php
CODE: public function resize(
LINE: 9
CODE: if ($this->request->server['HTTPS']) {
LINE: 43
CODE: $data['home'] = $this->url->link('common/dashboard', 'token=' . $this->session->data['token'], 'SSL');
LINE: 119
CODE: <li><a href="<?php echo $feed; ?>"><?php echo $text_feed; ?></a></li>
LINE: 33
CODE: $this->db->query("INSERT INTO `" . DB_PREFIX . "order` SET
LINE: 5
CODE: => $order_query->row['customer_id'],
LINE: 190
CODE: 'customer_id'             => $order_query->row['customer_id'],
LINE: 190
FILE: catalog/controller/affiliate/login.php
CODE: $data['email'] = $this->request->post['email'];
LINE: 95
FILE: catalog/controller/account/login.php
CODE: $data['email'] = $this->request->post['email'];
LINE: 150
----------------------------------------------------------------
MOD: Email Templates Language - English
FILE: admin/language/english/common/menu.php
CODE: <?php
LINE: 0
FILE: admin/language/english/sale/customer.php
CODE: <?php
LINE: 0
FILE: admin/language/english/sale/order.php
CODE: <?php
LINE: 0
FILE: admin/language/english/sale/return.php
CODE: <?php
LINE: 0
FILE: admin/language/english/marketing/contact.php
CODE: <?php
LINE: 0
FILE: catalog/language/english/account/newsletter.php
CODE: <?php
LINE: 0
----------------------------------------------------------------
MOD: Power Image Manager 2.0
FILE: admin/controller/common/header.php
CODE: return $this->load->view('common/header.tpl'
LINE: 141
FILE: admin/view/template/common/header.tpl
CODE: <script type="text/javascript" src="view/javascript/bootstrap/js/bootstrap.min.js"></script>
LINE: 28
FILE: admin/controller/common/filemanager.php
CODE: public function index() {
LINE: 29
CODE: public function index() {
LINE: 29
CODE: public function delete() {
LINE: 518
CODE: private $error = array();
LINE: 2
CODE: function getForm() {
LINE: 627
CODE: <td class="text-right"><?php echo $entry_sort_order; ?></td>
LINE: 839
CODE: <td class="text-right"><input type="text" name="product_image[<?php echo $image_row; ?>][sort_order]"
LINE: 853
CODE: html += '  <td class="text-right"><input type="text" name="product_image[' + image_row + '][sort_order]"
LINE: 1376
CODE: <?php echo $footer; ?>
LINE: 1473
CODE: <button type="button" onclick="addImage();"
LINE: 862
FILE: admin/controller/common/footer.php
CODE: return $this->load->view('common/footer.tpl'
LINE: 28
FILE: admin/view/template/common/footer.tpl
CODE: <footer id="footer">
LINE: 126
CODE: foreach ($data['product_description'] as $language_id => $value) {
LINE: 19
LINE: 159
CODE: foreach ($data['product_description'] as $language_id => $value) {
LINE: 25
LINE: 171
CODE: foreach ($data['product_image'] as $product_image) {
LINE: 78
LINE: 240
CODE: $this->db->query("DELETE FROM " . DB_PREFIX . "product_to_download WHERE product_id = '" . (int)$product_id . "'");
LINE: 253
LINE: 378
CODE: return $this->load->view('common/menu.tpl', $data);
LINE: 222
CODE: <li><a href="<?php echo $information; ?>"><?php echo $text_information; ?></a></li>
LINE: 21
CODE: <?php
LINE: 0
----------------------------------------------------------------
